{"D:\\lumina\\lumina-backend-master\\lumina-backend-master\\src\\controllers\\adminController.js": {"path":"D:\\lumina\\lumina-backend-master\\lumina-backend-master\\src\\controllers\\adminController.js","statementMap":{"0":{"start":{"line":1,"column":13},"end":{"line":1,"column":38}},"1":{"start":{"line":2,"column":15},"end":{"line":2,"column":42}},"2":{"start":{"line":3,"column":12},"end":{"line":3,"column":35}},"3":{"start":{"line":4,"column":15},"end":{"line":4,"column":32}},"4":{"start":{"line":5,"column":15},"end":{"line":5,"column":35}},"5":{"start":{"line":6,"column":40},"end":{"line":6,"column":69}},"6":{"start":{"line":7,"column":15},"end":{"line":7,"column":42}},"7":{"start":{"line":9,"column":19},"end":{"line":9,"column":62}},"8":{"start":{"line":12,"column":0},"end":{"line":54,"column":2}},"9":{"start":{"line":13,"column":4},"end":{"line":53,"column":5}},"10":{"start":{"line":14,"column":22},"end":{"line":22,"column":10}},"11":{"start":{"line":24,"column":31},"end":{"line":39,"column":10}},"12":{"start":{"line":25,"column":29},"end":{"line":25,"column":42}},"13":{"start":{"line":26,"column":12},"end":{"line":38,"column":14}},"14":{"start":{"line":30,"column":58},"end":{"line":30,"column":62}},"15":{"start":{"line":41,"column":8},"end":{"line":45,"column":11}},"16":{"start":{"line":47,"column":8},"end":{"line":47,"column":28}},"17":{"start":{"line":48,"column":8},"end":{"line":52,"column":11}},"18":{"start":{"line":57,"column":0},"end":{"line":104,"column":2}},"19":{"start":{"line":58,"column":4},"end":{"line":103,"column":5}},"20":{"start":{"line":59,"column":27},"end":{"line":59,"column":37}},"21":{"start":{"line":61,"column":21},"end":{"line":67,"column":10}},"22":{"start":{"line":69,"column":8},"end":{"line":74,"column":9}},"23":{"start":{"line":70,"column":12},"end":{"line":73,"column":15}},"24":{"start":{"line":76,"column":25},"end":{"line":76,"column":38}},"25":{"start":{"line":77,"column":30},"end":{"line":90,"column":9}},"26":{"start":{"line":81,"column":54},"end":{"line":81,"column":58}},"27":{"start":{"line":92,"column":8},"end":{"line":95,"column":11}},"28":{"start":{"line":97,"column":8},"end":{"line":97,"column":28}},"29":{"start":{"line":98,"column":8},"end":{"line":102,"column":11}},"30":{"start":{"line":107,"column":0},"end":{"line":149,"column":2}},"31":{"start":{"line":108,"column":4},"end":{"line":148,"column":5}},"32":{"start":{"line":109,"column":27},"end":{"line":109,"column":37}},"33":{"start":{"line":111,"column":21},"end":{"line":111,"column":48}},"34":{"start":{"line":112,"column":8},"end":{"line":117,"column":9}},"35":{"start":{"line":113,"column":12},"end":{"line":116,"column":15}},"36":{"start":{"line":120,"column":22},"end":{"line":129,"column":9}},"37":{"start":{"line":131,"column":8},"end":{"line":140,"column":11}},"38":{"start":{"line":142,"column":8},"end":{"line":142,"column":28}},"39":{"start":{"line":143,"column":8},"end":{"line":147,"column":11}},"40":{"start":{"line":152,"column":0},"end":{"line":193,"column":2}},"41":{"start":{"line":153,"column":4},"end":{"line":192,"column":5}},"42":{"start":{"line":154,"column":27},"end":{"line":154,"column":37}},"43":{"start":{"line":155,"column":28},"end":{"line":155,"column":36}},"44":{"start":{"line":157,"column":8},"end":{"line":162,"column":9}},"45":{"start":{"line":158,"column":12},"end":{"line":161,"column":15}},"46":{"start":{"line":164,"column":21},"end":{"line":164,"column":48}},"47":{"start":{"line":165,"column":8},"end":{"line":170,"column":9}},"48":{"start":{"line":166,"column":12},"end":{"line":169,"column":15}},"49":{"start":{"line":172,"column":8},"end":{"line":172,"column":31}},"50":{"start":{"line":173,"column":8},"end":{"line":173,"column":26}},"51":{"start":{"line":175,"column":8},"end":{"line":184,"column":11}},"52":{"start":{"line":186,"column":8},"end":{"line":186,"column":28}},"53":{"start":{"line":187,"column":8},"end":{"line":191,"column":11}},"54":{"start":{"line":196,"column":0},"end":{"line":241,"column":2}},"55":{"start":{"line":197,"column":4},"end":{"line":240,"column":5}},"56":{"start":{"line":198,"column":27},"end":{"line":198,"column":45}},"57":{"start":{"line":199,"column":29},"end":{"line":199,"column":49}},"58":{"start":{"line":202,"column":26},"end":{"line":202,"column":68}},"59":{"start":{"line":203,"column":30},"end":{"line":209,"column":10}},"60":{"start":{"line":212,"column":25},"end":{"line":218,"column":10}},"61":{"start":{"line":220,"column":8},"end":{"line":232,"column":11}},"62":{"start":{"line":234,"column":8},"end":{"line":234,"column":28}},"63":{"start":{"line":235,"column":8},"end":{"line":239,"column":11}},"64":{"start":{"line":246,"column":0},"end":{"line":271,"column":2}},"65":{"start":{"line":247,"column":4},"end":{"line":270,"column":5}},"66":{"start":{"line":248,"column":27},"end":{"line":248,"column":37}},"67":{"start":{"line":249,"column":21},"end":{"line":249,"column":48}},"68":{"start":{"line":251,"column":8},"end":{"line":253,"column":9}},"69":{"start":{"line":252,"column":12},"end":{"line":252,"column":87}},"70":{"start":{"line":257,"column":8},"end":{"line":257,"column":29}},"71":{"start":{"line":259,"column":8},"end":{"line":262,"column":11}},"72":{"start":{"line":264,"column":8},"end":{"line":264,"column":28}},"73":{"start":{"line":265,"column":8},"end":{"line":269,"column":11}},"74":{"start":{"line":274,"column":0},"end":{"line":309,"column":2}},"75":{"start":{"line":275,"column":4},"end":{"line":308,"column":5}},"76":{"start":{"line":276,"column":27},"end":{"line":276,"column":37}},"77":{"start":{"line":277,"column":27},"end":{"line":277,"column":35}},"78":{"start":{"line":279,"column":8},"end":{"line":281,"column":9}},"79":{"start":{"line":280,"column":12},"end":{"line":280,"column":93}},"80":{"start":{"line":283,"column":21},"end":{"line":283,"column":48}},"81":{"start":{"line":284,"column":8},"end":{"line":286,"column":9}},"82":{"start":{"line":285,"column":12},"end":{"line":285,"column":87}},"83":{"start":{"line":288,"column":8},"end":{"line":288,"column":29}},"84":{"start":{"line":289,"column":8},"end":{"line":289,"column":26}},"85":{"start":{"line":291,"column":8},"end":{"line":300,"column":11}},"86":{"start":{"line":302,"column":8},"end":{"line":302,"column":28}},"87":{"start":{"line":303,"column":8},"end":{"line":307,"column":11}},"88":{"start":{"line":312,"column":0},"end":{"line":341,"column":2}},"89":{"start":{"line":313,"column":4},"end":{"line":340,"column":5}},"90":{"start":{"line":314,"column":27},"end":{"line":314,"column":37}},"91":{"start":{"line":315,"column":21},"end":{"line":315,"column":48}},"92":{"start":{"line":317,"column":8},"end":{"line":319,"column":9}},"93":{"start":{"line":318,"column":12},"end":{"line":318,"column":87}},"94":{"start":{"line":322,"column":29},"end":{"line":322,"column":74}},"95":{"start":{"line":323,"column":31},"end":{"line":323,"column":66}},"96":{"start":{"line":325,"column":8},"end":{"line":325,"column":39}},"97":{"start":{"line":326,"column":8},"end":{"line":326,"column":26}},"98":{"start":{"line":328,"column":8},"end":{"line":332,"column":11}},"99":{"start":{"line":334,"column":8},"end":{"line":334,"column":28}},"100":{"start":{"line":335,"column":8},"end":{"line":339,"column":11}},"101":{"start":{"line":344,"column":0},"end":{"line":365,"column":2}},"102":{"start":{"line":345,"column":4},"end":{"line":364,"column":5}},"103":{"start":{"line":348,"column":21},"end":{"line":351,"column":9}},"104":{"start":{"line":353,"column":8},"end":{"line":356,"column":11}},"105":{"start":{"line":358,"column":8},"end":{"line":358,"column":28}},"106":{"start":{"line":359,"column":8},"end":{"line":363,"column":11}},"107":{"start":{"line":369,"column":20},"end":{"line":369,"column":68}},"108":{"start":{"line":371,"column":4},"end":{"line":371,"column":47}},"109":{"start":{"line":371,"column":22},"end":{"line":371,"column":47}},"110":{"start":{"line":372,"column":4},"end":{"line":372,"column":66}},"111":{"start":{"line":372,"column":24},"end":{"line":372,"column":66}},"112":{"start":{"line":373,"column":4},"end":{"line":373,"column":69}},"113":{"start":{"line":373,"column":25},"end":{"line":373,"column":69}},"114":{"start":{"line":374,"column":4},"end":{"line":374,"column":71}},"115":{"start":{"line":374,"column":26},"end":{"line":374,"column":71}},"116":{"start":{"line":375,"column":4},"end":{"line":375,"column":50}},"117":{"start":{"line":378,"column":0},"end":{"line":388,"column":2}}},"fnMap":{"0":{"name":"(anonymous_0)","decl":{"start":{"line":12,"column":22},"end":{"line":12,"column":23}},"loc":{"start":{"line":12,"column":42},"end":{"line":54,"column":1}},"line":12},"1":{"name":"(anonymous_1)","decl":{"start":{"line":24,"column":41},"end":{"line":24,"column":42}},"loc":{"start":{"line":24,"column":49},"end":{"line":39,"column":9}},"line":24},"2":{"name":"(anonymous_2)","decl":{"start":{"line":30,"column":53},"end":{"line":30,"column":54}},"loc":{"start":{"line":30,"column":58},"end":{"line":30,"column":62}},"line":30},"3":{"name":"(anonymous_3)","decl":{"start":{"line":57,"column":22},"end":{"line":57,"column":23}},"loc":{"start":{"line":57,"column":42},"end":{"line":104,"column":1}},"line":57},"4":{"name":"(anonymous_4)","decl":{"start":{"line":81,"column":49},"end":{"line":81,"column":50}},"loc":{"start":{"line":81,"column":54},"end":{"line":81,"column":58}},"line":81},"5":{"name":"(anonymous_5)","decl":{"start":{"line":107,"column":26},"end":{"line":107,"column":27}},"loc":{"start":{"line":107,"column":46},"end":{"line":149,"column":1}},"line":107},"6":{"name":"(anonymous_6)","decl":{"start":{"line":152,"column":28},"end":{"line":152,"column":29}},"loc":{"start":{"line":152,"column":48},"end":{"line":193,"column":1}},"line":152},"7":{"name":"(anonymous_7)","decl":{"start":{"line":196,"column":28},"end":{"line":196,"column":29}},"loc":{"start":{"line":196,"column":48},"end":{"line":241,"column":1}},"line":196},"8":{"name":"(anonymous_8)","decl":{"start":{"line":246,"column":21},"end":{"line":246,"column":22}},"loc":{"start":{"line":246,"column":41},"end":{"line":271,"column":1}},"line":246},"9":{"name":"(anonymous_9)","decl":{"start":{"line":274,"column":27},"end":{"line":274,"column":28}},"loc":{"start":{"line":274,"column":47},"end":{"line":309,"column":1}},"line":274},"10":{"name":"(anonymous_10)","decl":{"start":{"line":312,"column":28},"end":{"line":312,"column":29}},"loc":{"start":{"line":312,"column":48},"end":{"line":341,"column":1}},"line":312},"11":{"name":"(anonymous_11)","decl":{"start":{"line":344,"column":24},"end":{"line":344,"column":25}},"loc":{"start":{"line":344,"column":44},"end":{"line":365,"column":1}},"line":344},"12":{"name":"getTimeAgo","decl":{"start":{"line":368,"column":9},"end":{"line":368,"column":19}},"loc":{"start":{"line":368,"column":26},"end":{"line":376,"column":1}},"line":368}},"branchMap":{"0":{"loc":{"start":{"line":9,"column":19},"end":{"line":9,"column":62}},"type":"binary-expr","locations":[{"start":{"line":9,"column":19},"end":{"line":9,"column":41}},{"start":{"line":9,"column":45},"end":{"line":9,"column":62}}],"line":9},"1":{"loc":{"start":{"line":31,"column":22},"end":{"line":31,"column":59}},"type":"cond-expr","locations":[{"start":{"line":31,"column":45},"end":{"line":31,"column":50}},{"start":{"line":31,"column":53},"end":{"line":31,"column":59}}],"line":31},"2":{"loc":{"start":{"line":32,"column":25},"end":{"line":32,"column":71}},"type":"cond-expr","locations":[{"start":{"line":32,"column":44},"end":{"line":32,"column":67}},{"start":{"line":32,"column":70},"end":{"line":32,"column":71}}],"line":32},"3":{"loc":{"start":{"line":35,"column":24},"end":{"line":35,"column":51}},"type":"binary-expr","locations":[{"start":{"line":35,"column":24},"end":{"line":35,"column":39}},{"start":{"line":35,"column":43},"end":{"line":35,"column":51}}],"line":35},"4":{"loc":{"start":{"line":69,"column":8},"end":{"line":74,"column":9}},"type":"if","locations":[{"start":{"line":69,"column":8},"end":{"line":74,"column":9}},{"start":{},"end":{}}],"line":69},"5":{"loc":{"start":{"line":82,"column":18},"end":{"line":82,"column":55}},"type":"cond-expr","locations":[{"start":{"line":82,"column":41},"end":{"line":82,"column":46}},{"start":{"line":82,"column":49},"end":{"line":82,"column":55}}],"line":82},"6":{"loc":{"start":{"line":83,"column":21},"end":{"line":83,"column":43}},"type":"binary-expr","locations":[{"start":{"line":83,"column":21},"end":{"line":83,"column":37}},{"start":{"line":83,"column":41},"end":{"line":83,"column":43}}],"line":83},"7":{"loc":{"start":{"line":84,"column":25},"end":{"line":84,"column":71}},"type":"cond-expr","locations":[{"start":{"line":84,"column":44},"end":{"line":84,"column":67}},{"start":{"line":84,"column":70},"end":{"line":84,"column":71}}],"line":84},"8":{"loc":{"start":{"line":87,"column":20},"end":{"line":87,"column":47}},"type":"binary-expr","locations":[{"start":{"line":87,"column":20},"end":{"line":87,"column":35}},{"start":{"line":87,"column":39},"end":{"line":87,"column":47}}],"line":87},"9":{"loc":{"start":{"line":112,"column":8},"end":{"line":117,"column":9}},"type":"if","locations":[{"start":{"line":112,"column":8},"end":{"line":117,"column":9}},{"start":{},"end":{}}],"line":112},"10":{"loc":{"start":{"line":157,"column":8},"end":{"line":162,"column":9}},"type":"if","locations":[{"start":{"line":157,"column":8},"end":{"line":162,"column":9}},{"start":{},"end":{}}],"line":157},"11":{"loc":{"start":{"line":157,"column":12},"end":{"line":157,"column":54}},"type":"binary-expr","locations":[{"start":{"line":157,"column":12},"end":{"line":157,"column":39}},{"start":{"line":157,"column":43},"end":{"line":157,"column":54}}],"line":157},"12":{"loc":{"start":{"line":165,"column":8},"end":{"line":170,"column":9}},"type":"if","locations":[{"start":{"line":165,"column":8},"end":{"line":170,"column":9}},{"start":{},"end":{}}],"line":165},"13":{"loc":{"start":{"line":251,"column":8},"end":{"line":253,"column":9}},"type":"if","locations":[{"start":{"line":251,"column":8},"end":{"line":253,"column":9}},{"start":{},"end":{}}],"line":251},"14":{"loc":{"start":{"line":279,"column":8},"end":{"line":281,"column":9}},"type":"if","locations":[{"start":{"line":279,"column":8},"end":{"line":281,"column":9}},{"start":{},"end":{}}],"line":279},"15":{"loc":{"start":{"line":284,"column":8},"end":{"line":286,"column":9}},"type":"if","locations":[{"start":{"line":284,"column":8},"end":{"line":286,"column":9}},{"start":{},"end":{}}],"line":284},"16":{"loc":{"start":{"line":317,"column":8},"end":{"line":319,"column":9}},"type":"if","locations":[{"start":{"line":317,"column":8},"end":{"line":319,"column":9}},{"start":{},"end":{}}],"line":317},"17":{"loc":{"start":{"line":371,"column":4},"end":{"line":371,"column":47}},"type":"if","locations":[{"start":{"line":371,"column":4},"end":{"line":371,"column":47}},{"start":{},"end":{}}],"line":371},"18":{"loc":{"start":{"line":372,"column":4},"end":{"line":372,"column":66}},"type":"if","locations":[{"start":{"line":372,"column":4},"end":{"line":372,"column":66}},{"start":{},"end":{}}],"line":372},"19":{"loc":{"start":{"line":373,"column":4},"end":{"line":373,"column":69}},"type":"if","locations":[{"start":{"line":373,"column":4},"end":{"line":373,"column":69}},{"start":{},"end":{}}],"line":373},"20":{"loc":{"start":{"line":374,"column":4},"end":{"line":374,"column":71}},"type":"if","locations":[{"start":{"line":374,"column":4},"end":{"line":374,"column":71}},{"start":{},"end":{}}],"line":374}},"s":{"0":0,"1":0,"2":0,"3":0,"4":0,"5":0,"6":0,"7":0,"8":0,"9":0,"10":0,"11":0,"12":0,"13":0,"14":0,"15":0,"16":0,"17":0,"18":0,"19":0,"20":0,"21":0,"22":0,"23":0,"24":0,"25":0,"26":0,"27":0,"28":0,"29":0,"30":0,"31":0,"32":0,"33":0,"34":0,"35":0,"36":0,"37":0,"38":0,"39":0,"40":0,"41":0,"42":0,"43":0,"44":0,"45":0,"46":0,"47":0,"48":0,"49":0,"50":0,"51":0,"52":0,"53":0,"54":0,"55":0,"56":0,"57":0,"58":0,"59":0,"60":0,"61":0,"62":0,"63":0,"64":0,"65":0,"66":0,"67":0,"68":0,"69":0,"70":0,"71":0,"72":0,"73":0,"74":0,"75":0,"76":0,"77":0,"78":0,"79":0,"80":0,"81":0,"82":0,"83":0,"84":0,"85":0,"86":0,"87":0,"88":0,"89":0,"90":0,"91":0,"92":0,"93":0,"94":0,"95":0,"96":0,"97":0,"98":0,"99":0,"100":0,"101":0,"102":0,"103":0,"104":0,"105":0,"106":0,"107":0,"108":0,"109":0,"110":0,"111":0,"112":0,"113":0,"114":0,"115":0,"116":0,"117":0},"f":{"0":0,"1":0,"2":0,"3":0,"4":0,"5":0,"6":0,"7":0,"8":0,"9":0,"10":0,"11":0,"12":0},"b":{"0":[0,0],"1":[0,0],"2":[0,0],"3":[0,0],"4":[0,0],"5":[0,0],"6":[0,0],"7":[0,0],"8":[0,0],"9":[0,0],"10":[0,0],"11":[0,0],"12":[0,0],"13":[0,0],"14":[0,0],"15":[0,0],"16":[0,0],"17":[0,0],"18":[0,0],"19":[0,0],"20":[0,0]}}
,"D:\\lumina\\lumina-backend-master\\lumina-backend-master\\src\\controllers\\authController.js": {"path":"D:\\lumina\\lumina-backend-master\\lumina-backend-master\\src\\controllers\\authController.js","statementMap":{"0":{"start":{"line":1,"column":15},"end":{"line":1,"column":32}},"1":{"start":{"line":2,"column":12},"end":{"line":2,"column":35}},"2":{"start":{"line":4,"column":25},"end":{"line":4,"column":55}},"3":{"start":{"line":5,"column":13},"end":{"line":5,"column":38}},"4":{"start":{"line":6,"column":15},"end":{"line":6,"column":42}},"5":{"start":{"line":8,"column":19},"end":{"line":8,"column":41}},"6":{"start":{"line":9,"column":25},"end":{"line":9,"column":53}},"7":{"start":{"line":10,"column":15},"end":{"line":10,"column":49}},"8":{"start":{"line":12,"column":0},"end":{"line":18,"column":1}},"9":{"start":{"line":13,"column":4},"end":{"line":17,"column":5}},"10":{"start":{"line":14,"column":8},"end":{"line":14,"column":86}},"11":{"start":{"line":16,"column":8},"end":{"line":16,"column":94}},"12":{"start":{"line":20,"column":25},"end":{"line":20,"column":64}},"13":{"start":{"line":24,"column":0},"end":{"line":61,"column":2}},"14":{"start":{"line":25,"column":4},"end":{"line":60,"column":5}},"15":{"start":{"line":26,"column":42},"end":{"line":26,"column":50}},"16":{"start":{"line":28,"column":8},"end":{"line":30,"column":9}},"17":{"start":{"line":29,"column":12},"end":{"line":29,"column":80}},"18":{"start":{"line":32,"column":29},"end":{"line":32,"column":69}},"19":{"start":{"line":33,"column":8},"end":{"line":35,"column":9}},"20":{"start":{"line":34,"column":12},"end":{"line":34,"column":76}},"21":{"start":{"line":37,"column":31},"end":{"line":37,"column":62}},"22":{"start":{"line":39,"column":24},"end":{"line":43,"column":10}},"23":{"start":{"line":45,"column":22},"end":{"line":49,"column":9}},"24":{"start":{"line":51,"column":8},"end":{"line":57,"column":11}},"25":{"start":{"line":59,"column":8},"end":{"line":59,"column":20}},"26":{"start":{"line":63,"column":19},"end":{"line":63,"column":76}},"27":{"start":{"line":65,"column":0},"end":{"line":99,"column":2}},"28":{"start":{"line":66,"column":4},"end":{"line":98,"column":5}},"29":{"start":{"line":67,"column":36},"end":{"line":67,"column":44}},"30":{"start":{"line":69,"column":8},"end":{"line":71,"column":9}},"31":{"start":{"line":70,"column":12},"end":{"line":70,"column":88}},"32":{"start":{"line":73,"column":21},"end":{"line":73,"column":61}},"33":{"start":{"line":76,"column":27},"end":{"line":76,"column":60}},"34":{"start":{"line":77,"column":24},"end":{"line":77,"column":66}},"35":{"start":{"line":79,"column":8},"end":{"line":81,"column":9}},"36":{"start":{"line":80,"column":12},"end":{"line":80,"column":89}},"37":{"start":{"line":83,"column":22},"end":{"line":87,"column":9}},"38":{"start":{"line":89,"column":8},"end":{"line":95,"column":11}},"39":{"start":{"line":97,"column":8},"end":{"line":97,"column":20}},"40":{"start":{"line":101,"column":0},"end":{"line":158,"column":2}},"41":{"start":{"line":102,"column":4},"end":{"line":157,"column":5}},"42":{"start":{"line":103,"column":31},"end":{"line":103,"column":39}},"43":{"start":{"line":105,"column":8},"end":{"line":107,"column":9}},"44":{"start":{"line":106,"column":12},"end":{"line":106,"column":86}},"45":{"start":{"line":110,"column":23},"end":{"line":113,"column":10}},"46":{"start":{"line":114,"column":24},"end":{"line":114,"column":43}},"47":{"start":{"line":115,"column":32},"end":{"line":115,"column":39}},"48":{"start":{"line":117,"column":19},"end":{"line":117,"column":59}},"49":{"start":{"line":119,"column":8},"end":{"line":130,"column":9}},"50":{"start":{"line":122,"column":35},"end":{"line":122,"column":110}},"51":{"start":{"line":123,"column":35},"end":{"line":123,"column":72}},"52":{"start":{"line":125,"column":12},"end":{"line":129,"column":15}},"53":{"start":{"line":134,"column":22},"end":{"line":138,"column":9}},"54":{"start":{"line":141,"column":29},"end":{"line":146,"column":9}},"55":{"start":{"line":153,"column":8},"end":{"line":153,"column":43}},"56":{"start":{"line":156,"column":8},"end":{"line":156,"column":20}},"57":{"start":{"line":160,"column":0},"end":{"line":172,"column":2}},"58":{"start":{"line":161,"column":4},"end":{"line":171,"column":5}},"59":{"start":{"line":162,"column":21},"end":{"line":164,"column":10}},"60":{"start":{"line":165,"column":8},"end":{"line":167,"column":9}},"61":{"start":{"line":166,"column":12},"end":{"line":166,"column":71}},"62":{"start":{"line":168,"column":8},"end":{"line":168,"column":54}},"63":{"start":{"line":170,"column":8},"end":{"line":170,"column":20}},"64":{"start":{"line":174,"column":0},"end":{"line":186,"column":2}},"65":{"start":{"line":175,"column":4},"end":{"line":185,"column":5}},"66":{"start":{"line":176,"column":21},"end":{"line":176,"column":61}},"67":{"start":{"line":177,"column":8},"end":{"line":179,"column":9}},"68":{"start":{"line":178,"column":12},"end":{"line":178,"column":71}},"69":{"start":{"line":180,"column":8},"end":{"line":180,"column":47}},"70":{"start":{"line":181,"column":8},"end":{"line":181,"column":26}},"71":{"start":{"line":182,"column":8},"end":{"line":182,"column":72}},"72":{"start":{"line":184,"column":8},"end":{"line":184,"column":20}}},"fnMap":{"0":{"name":"(anonymous_0)","decl":{"start":{"line":24,"column":17},"end":{"line":24,"column":18}},"loc":{"start":{"line":24,"column":43},"end":{"line":61,"column":1}},"line":24},"1":{"name":"(anonymous_1)","decl":{"start":{"line":65,"column":16},"end":{"line":65,"column":17}},"loc":{"start":{"line":65,"column":42},"end":{"line":99,"column":1}},"line":65},"2":{"name":"(anonymous_2)","decl":{"start":{"line":101,"column":22},"end":{"line":101,"column":23}},"loc":{"start":{"line":101,"column":48},"end":{"line":158,"column":1}},"line":101},"3":{"name":"(anonymous_3)","decl":{"start":{"line":160,"column":19},"end":{"line":160,"column":20}},"loc":{"start":{"line":160,"column":45},"end":{"line":172,"column":1}},"line":160},"4":{"name":"(anonymous_4)","decl":{"start":{"line":174,"column":22},"end":{"line":174,"column":23}},"loc":{"start":{"line":174,"column":48},"end":{"line":186,"column":1}},"line":174}},"branchMap":{"0":{"loc":{"start":{"line":12,"column":0},"end":{"line":18,"column":1}},"type":"if","locations":[{"start":{"line":12,"column":0},"end":{"line":18,"column":1}},{"start":{},"end":{}}],"line":12},"1":{"loc":{"start":{"line":13,"column":4},"end":{"line":17,"column":5}},"type":"if","locations":[{"start":{"line":13,"column":4},"end":{"line":17,"column":5}},{"start":{"line":15,"column":11},"end":{"line":17,"column":5}}],"line":13},"2":{"loc":{"start":{"line":20,"column":25},"end":{"line":20,"column":64}},"type":"binary-expr","locations":[{"start":{"line":20,"column":25},"end":{"line":20,"column":35}},{"start":{"line":20,"column":39},"end":{"line":20,"column":64}}],"line":20},"3":{"loc":{"start":{"line":28,"column":8},"end":{"line":30,"column":9}},"type":"if","locations":[{"start":{"line":28,"column":8},"end":{"line":30,"column":9}},{"start":{},"end":{}}],"line":28},"4":{"loc":{"start":{"line":28,"column":12},"end":{"line":28,"column":40}},"type":"binary-expr","locations":[{"start":{"line":28,"column":12},"end":{"line":28,"column":17}},{"start":{"line":28,"column":21},"end":{"line":28,"column":27}},{"start":{"line":28,"column":31},"end":{"line":28,"column":40}}],"line":28},"5":{"loc":{"start":{"line":33,"column":8},"end":{"line":35,"column":9}},"type":"if","locations":[{"start":{"line":33,"column":8},"end":{"line":35,"column":9}},{"start":{},"end":{}}],"line":33},"6":{"loc":{"start":{"line":69,"column":8},"end":{"line":71,"column":9}},"type":"if","locations":[{"start":{"line":69,"column":8},"end":{"line":71,"column":9}},{"start":{},"end":{}}],"line":69},"7":{"loc":{"start":{"line":69,"column":12},"end":{"line":69,"column":31}},"type":"binary-expr","locations":[{"start":{"line":69,"column":12},"end":{"line":69,"column":18}},{"start":{"line":69,"column":22},"end":{"line":69,"column":31}}],"line":69},"8":{"loc":{"start":{"line":76,"column":27},"end":{"line":76,"column":60}},"type":"cond-expr","locations":[{"start":{"line":76,"column":34},"end":{"line":76,"column":47}},{"start":{"line":76,"column":50},"end":{"line":76,"column":60}}],"line":76},"9":{"loc":{"start":{"line":79,"column":8},"end":{"line":81,"column":9}},"type":"if","locations":[{"start":{"line":79,"column":8},"end":{"line":81,"column":9}},{"start":{},"end":{}}],"line":79},"10":{"loc":{"start":{"line":79,"column":12},"end":{"line":79,"column":29}},"type":"binary-expr","locations":[{"start":{"line":79,"column":12},"end":{"line":79,"column":17}},{"start":{"line":79,"column":21},"end":{"line":79,"column":29}}],"line":79},"11":{"loc":{"start":{"line":105,"column":8},"end":{"line":107,"column":9}},"type":"if","locations":[{"start":{"line":105,"column":8},"end":{"line":107,"column":9}},{"start":{},"end":{}}],"line":105},"12":{"loc":{"start":{"line":119,"column":8},"end":{"line":130,"column":9}},"type":"if","locations":[{"start":{"line":119,"column":8},"end":{"line":130,"column":9}},{"start":{},"end":{}}],"line":119},"13":{"loc":{"start":{"line":165,"column":8},"end":{"line":167,"column":9}},"type":"if","locations":[{"start":{"line":165,"column":8},"end":{"line":167,"column":9}},{"start":{},"end":{}}],"line":165},"14":{"loc":{"start":{"line":168,"column":29},"end":{"line":168,"column":52}},"type":"binary-expr","locations":[{"start":{"line":168,"column":29},"end":{"line":168,"column":46}},{"start":{"line":168,"column":50},"end":{"line":168,"column":52}}],"line":168},"15":{"loc":{"start":{"line":177,"column":8},"end":{"line":179,"column":9}},"type":"if","locations":[{"start":{"line":177,"column":8},"end":{"line":179,"column":9}},{"start":{},"end":{}}],"line":177}},"s":{"0":0,"1":0,"2":0,"3":0,"4":0,"5":0,"6":0,"7":0,"8":0,"9":0,"10":0,"11":0,"12":0,"13":0,"14":0,"15":0,"16":0,"17":0,"18":0,"19":0,"20":0,"21":0,"22":0,"23":0,"24":0,"25":0,"26":0,"27":0,"28":0,"29":0,"30":0,"31":0,"32":0,"33":0,"34":0,"35":0,"36":0,"37":0,"38":0,"39":0,"40":0,"41":0,"42":0,"43":0,"44":0,"45":0,"46":0,"47":0,"48":0,"49":0,"50":0,"51":0,"52":0,"53":0,"54":0,"55":0,"56":0,"57":0,"58":0,"59":0,"60":0,"61":0,"62":0,"63":0,"64":0,"65":0,"66":0,"67":0,"68":0,"69":0,"70":0,"71":0,"72":0},"f":{"0":0,"1":0,"2":0,"3":0,"4":0},"b":{"0":[0,0],"1":[0,0],"2":[0,0],"3":[0,0],"4":[0,0,0],"5":[0,0],"6":[0,0],"7":[0,0],"8":[0,0],"9":[0,0],"10":[0,0],"11":[0,0],"12":[0,0],"13":[0,0],"14":[0,0],"15":[0,0]}}
,"D:\\lumina\\lumina-backend-master\\lumina-backend-master\\src\\controllers\\healthController.js": {"path":"D:\\lumina\\lumina-backend-master\\lumina-backend-master\\src\\controllers\\healthController.js","statementMap":{"0":{"start":{"line":1,"column":18},"end":{"line":1,"column":47}},"1":{"start":{"line":2,"column":15},"end":{"line":2,"column":42}},"2":{"start":{"line":8,"column":0},"end":{"line":50,"column":2}},"3":{"start":{"line":9,"column":25},"end":{"line":15,"column":5}},"4":{"start":{"line":17,"column":4},"end":{"line":31,"column":5}},"5":{"start":{"line":19,"column":8},"end":{"line":19,"column":39}},"6":{"start":{"line":20,"column":8},"end":{"line":23,"column":10}},"7":{"start":{"line":25,"column":8},"end":{"line":25,"column":42}},"8":{"start":{"line":26,"column":8},"end":{"line":29,"column":10}},"9":{"start":{"line":30,"column":8},"end":{"line":30,"column":81}},"10":{"start":{"line":34,"column":4},"end":{"line":37,"column":6}},"11":{"start":{"line":40,"column":21},"end":{"line":40,"column":42}},"12":{"start":{"line":41,"column":4},"end":{"line":46,"column":6}},"13":{"start":{"line":48,"column":23},"end":{"line":48,"column":68}},"14":{"start":{"line":49,"column":4},"end":{"line":49,"column":46}}},"fnMap":{"0":{"name":"(anonymous_0)","decl":{"start":{"line":8,"column":22},"end":{"line":8,"column":23}},"loc":{"start":{"line":8,"column":42},"end":{"line":50,"column":1}},"line":8}},"branchMap":{"0":{"loc":{"start":{"line":13,"column":21},"end":{"line":13,"column":58}},"type":"binary-expr","locations":[{"start":{"line":13,"column":21},"end":{"line":13,"column":41}},{"start":{"line":13,"column":45},"end":{"line":13,"column":58}}],"line":13},"1":{"loc":{"start":{"line":35,"column":16},"end":{"line":35,"column":71}},"type":"cond-expr","locations":[{"start":{"line":35,"column":45},"end":{"line":35,"column":57}},{"start":{"line":35,"column":60},"end":{"line":35,"column":71}}],"line":35},"2":{"loc":{"start":{"line":36,"column":17},"end":{"line":36,"column":98}},"type":"cond-expr","locations":[{"start":{"line":36,"column":46},"end":{"line":36,"column":73}},{"start":{"line":36,"column":76},"end":{"line":36,"column":98}}],"line":36},"3":{"loc":{"start":{"line":48,"column":23},"end":{"line":48,"column":68}},"type":"cond-expr","locations":[{"start":{"line":48,"column":59},"end":{"line":48,"column":62}},{"start":{"line":48,"column":65},"end":{"line":48,"column":68}}],"line":48}},"s":{"0":0,"1":0,"2":0,"3":0,"4":0,"5":0,"6":0,"7":0,"8":0,"9":0,"10":0,"11":0,"12":0,"13":0,"14":0},"f":{"0":0},"b":{"0":[0,0],"1":[0,0],"2":[0,0],"3":[0,0]}}
,"D:\\lumina\\lumina-backend-master\\lumina-backend-master\\src\\controllers\\matchScoreController.js": {"path":"D:\\lumina\\lumina-backend-master\\lumina-backend-master\\src\\controllers\\matchScoreController.js","statementMap":{"0":{"start":{"line":1,"column":31},"end":{"line":1,"column":71}},"1":{"start":{"line":2,"column":24},"end":{"line":2,"column":53}},"2":{"start":{"line":4,"column":0},"end":{"line":25,"column":2}},"3":{"start":{"line":5,"column":4},"end":{"line":24,"column":5}},"4":{"start":{"line":6,"column":47},"end":{"line":6,"column":55}},"5":{"start":{"line":8,"column":8},"end":{"line":12,"column":9}},"6":{"start":{"line":9,"column":12},"end":{"line":11,"column":15}},"7":{"start":{"line":14,"column":8},"end":{"line":18,"column":9}},"8":{"start":{"line":15,"column":12},"end":{"line":17,"column":15}},"9":{"start":{"line":20,"column":23},"end":{"line":20,"column":73}},"10":{"start":{"line":21,"column":8},"end":{"line":21,"column":48}},"11":{"start":{"line":23,"column":8},"end":{"line":23,"column":20}}},"fnMap":{"0":{"name":"(anonymous_0)","decl":{"start":{"line":4,"column":18},"end":{"line":4,"column":19}},"loc":{"start":{"line":4,"column":44},"end":{"line":25,"column":1}},"line":4}},"branchMap":{"0":{"loc":{"start":{"line":8,"column":8},"end":{"line":12,"column":9}},"type":"if","locations":[{"start":{"line":8,"column":8},"end":{"line":12,"column":9}},{"start":{},"end":{}}],"line":8},"1":{"loc":{"start":{"line":8,"column":12},"end":{"line":8,"column":56}},"type":"binary-expr","locations":[{"start":{"line":8,"column":12},"end":{"line":8,"column":23}},{"start":{"line":8,"column":27},"end":{"line":8,"column":56}}],"line":8},"2":{"loc":{"start":{"line":14,"column":8},"end":{"line":18,"column":9}},"type":"if","locations":[{"start":{"line":14,"column":8},"end":{"line":18,"column":9}},{"start":{},"end":{}}],"line":14},"3":{"loc":{"start":{"line":14,"column":12},"end":{"line":14,"column":64}},"type":"binary-expr","locations":[{"start":{"line":14,"column":12},"end":{"line":14,"column":27}},{"start":{"line":14,"column":31},"end":{"line":14,"column":64}}],"line":14}},"s":{"0":0,"1":0,"2":0,"3":0,"4":0,"5":0,"6":0,"7":0,"8":0,"9":0,"10":0,"11":0},"f":{"0":0},"b":{"0":[0,0],"1":[0,0],"2":[0,0],"3":[0,0]}}
,"D:\\lumina\\lumina-backend-master\\lumina-backend-master\\src\\controllers\\reminderController.js": {"path":"D:\\lumina\\lumina-backend-master\\lumina-backend-master\\src\\controllers\\reminderController.js","statementMap":{"0":{"start":{"line":1,"column":36},"end":{"line":1,"column":56}},"1":{"start":{"line":2,"column":33},"end":{"line":2,"column":68}},"2":{"start":{"line":4,"column":0},"end":{"line":55,"column":2}},"3":{"start":{"line":5,"column":4},"end":{"line":54,"column":5}},"4":{"start":{"line":6,"column":72},"end":{"line":6,"column":80}},"5":{"start":{"line":8,"column":8},"end":{"line":10,"column":9}},"6":{"start":{"line":9,"column":12},"end":{"line":9,"column":118}},"7":{"start":{"line":12,"column":30},"end":{"line":12,"column":51}},"8":{"start":{"line":13,"column":8},"end":{"line":15,"column":9}},"9":{"start":{"line":14,"column":12},"end":{"line":14,"column":89}},"10":{"start":{"line":17,"column":21},"end":{"line":17,"column":61}},"11":{"start":{"line":18,"column":8},"end":{"line":20,"column":9}},"12":{"start":{"line":19,"column":12},"end":{"line":19,"column":71}},"13":{"start":{"line":22,"column":31},"end":{"line":22,"column":78}},"14":{"start":{"line":23,"column":8},"end":{"line":25,"column":9}},"15":{"start":{"line":24,"column":12},"end":{"line":24,"column":117}},"16":{"start":{"line":27,"column":25},"end":{"line":36,"column":10}},"17":{"start":{"line":38,"column":28},"end":{"line":38,"column":50}},"18":{"start":{"line":40,"column":8},"end":{"line":51,"column":11}},"19":{"start":{"line":53,"column":8},"end":{"line":53,"column":20}},"20":{"start":{"line":57,"column":0},"end":{"line":76,"column":2}},"21":{"start":{"line":58,"column":4},"end":{"line":75,"column":5}},"22":{"start":{"line":59,"column":28},"end":{"line":59,"column":50}},"23":{"start":{"line":61,"column":8},"end":{"line":72,"column":11}},"24":{"start":{"line":74,"column":8},"end":{"line":74,"column":20}},"25":{"start":{"line":78,"column":0},"end":{"line":89,"column":2}},"26":{"start":{"line":79,"column":4},"end":{"line":88,"column":5}},"27":{"start":{"line":80,"column":26},"end":{"line":83,"column":10}},"28":{"start":{"line":85,"column":8},"end":{"line":85,"column":28}},"29":{"start":{"line":87,"column":8},"end":{"line":87,"column":20}},"30":{"start":{"line":91,"column":0},"end":{"line":111,"column":2}},"31":{"start":{"line":92,"column":4},"end":{"line":110,"column":5}},"32":{"start":{"line":93,"column":25},"end":{"line":98,"column":10}},"33":{"start":{"line":100,"column":8},"end":{"line":102,"column":9}},"34":{"start":{"line":101,"column":12},"end":{"line":101,"column":75}},"35":{"start":{"line":104,"column":8},"end":{"line":104,"column":38}},"36":{"start":{"line":105,"column":8},"end":{"line":105,"column":30}},"37":{"start":{"line":107,"column":8},"end":{"line":107,"column":52}},"38":{"start":{"line":109,"column":8},"end":{"line":109,"column":20}}},"fnMap":{"0":{"name":"(anonymous_0)","decl":{"start":{"line":4,"column":25},"end":{"line":4,"column":26}},"loc":{"start":{"line":4,"column":51},"end":{"line":55,"column":1}},"line":4},"1":{"name":"(anonymous_1)","decl":{"start":{"line":57,"column":25},"end":{"line":57,"column":26}},"loc":{"start":{"line":57,"column":51},"end":{"line":76,"column":1}},"line":57},"2":{"name":"(anonymous_2)","decl":{"start":{"line":78,"column":23},"end":{"line":78,"column":24}},"loc":{"start":{"line":78,"column":49},"end":{"line":89,"column":1}},"line":78},"3":{"name":"(anonymous_3)","decl":{"start":{"line":91,"column":25},"end":{"line":91,"column":26}},"loc":{"start":{"line":91,"column":51},"end":{"line":111,"column":1}},"line":91}},"branchMap":{"0":{"loc":{"start":{"line":8,"column":8},"end":{"line":10,"column":9}},"type":"if","locations":[{"start":{"line":8,"column":8},"end":{"line":10,"column":9}},{"start":{},"end":{}}],"line":8},"1":{"loc":{"start":{"line":8,"column":12},"end":{"line":8,"column":69}},"type":"binary-expr","locations":[{"start":{"line":8,"column":12},"end":{"line":8,"column":18}},{"start":{"line":8,"column":22},"end":{"line":8,"column":30}},{"start":{"line":8,"column":34},"end":{"line":8,"column":39}},{"start":{"line":8,"column":43},"end":{"line":8,"column":53}},{"start":{"line":8,"column":57},"end":{"line":8,"column":69}}],"line":8},"2":{"loc":{"start":{"line":13,"column":8},"end":{"line":15,"column":9}},"type":"if","locations":[{"start":{"line":13,"column":8},"end":{"line":15,"column":9}},{"start":{},"end":{}}],"line":13},"3":{"loc":{"start":{"line":18,"column":8},"end":{"line":20,"column":9}},"type":"if","locations":[{"start":{"line":18,"column":8},"end":{"line":20,"column":9}},{"start":{},"end":{}}],"line":18},"4":{"loc":{"start":{"line":22,"column":32},"end":{"line":22,"column":70}},"type":"binary-expr","locations":[{"start":{"line":22,"column":32},"end":{"line":22,"column":50}},{"start":{"line":22,"column":54},"end":{"line":22,"column":64}},{"start":{"line":22,"column":68},"end":{"line":22,"column":70}}],"line":22},"5":{"loc":{"start":{"line":23,"column":8},"end":{"line":25,"column":9}},"type":"if","locations":[{"start":{"line":23,"column":8},"end":{"line":25,"column":9}},{"start":{},"end":{}}],"line":23},"6":{"loc":{"start":{"line":45,"column":21},"end":{"line":50,"column":45}},"type":"cond-expr","locations":[{"start":{"line":46,"column":18},"end":{"line":46,"column":51}},{"start":{"line":47,"column":18},"end":{"line":50,"column":45}}],"line":45},"7":{"loc":{"start":{"line":48,"column":20},"end":{"line":48,"column":100}},"type":"cond-expr","locations":[{"start":{"line":48,"column":49},"end":{"line":48,"column":93}},{"start":{"line":48,"column":96},"end":{"line":48,"column":100}}],"line":48},"8":{"loc":{"start":{"line":49,"column":20},"end":{"line":49,"column":100}},"type":"cond-expr","locations":[{"start":{"line":49,"column":49},"end":{"line":49,"column":93}},{"start":{"line":49,"column":96},"end":{"line":49,"column":100}}],"line":49},"9":{"loc":{"start":{"line":100,"column":8},"end":{"line":102,"column":9}},"type":"if","locations":[{"start":{"line":100,"column":8},"end":{"line":102,"column":9}},{"start":{},"end":{}}],"line":100}},"s":{"0":0,"1":0,"2":0,"3":0,"4":0,"5":0,"6":0,"7":0,"8":0,"9":0,"10":0,"11":0,"12":0,"13":0,"14":0,"15":0,"16":0,"17":0,"18":0,"19":0,"20":0,"21":0,"22":0,"23":0,"24":0,"25":0,"26":0,"27":0,"28":0,"29":0,"30":0,"31":0,"32":0,"33":0,"34":0,"35":0,"36":0,"37":0,"38":0},"f":{"0":0,"1":0,"2":0,"3":0},"b":{"0":[0,0],"1":[0,0,0,0,0],"2":[0,0],"3":[0,0],"4":[0,0,0],"5":[0,0],"6":[0,0],"7":[0,0],"8":[0,0],"9":[0,0]}}
,"D:\\lumina\\lumina-backend-master\\lumina-backend-master\\src\\controllers\\resumeController.js": {"path":"D:\\lumina\\lumina-backend-master\\lumina-backend-master\\src\\controllers\\resumeController.js","statementMap":{"0":{"start":{"line":1,"column":27},"end":{"line":1,"column":59}},"1":{"start":{"line":2,"column":40},"end":{"line":2,"column":69}},"2":{"start":{"line":3,"column":15},"end":{"line":3,"column":42}},"3":{"start":{"line":5,"column":17},"end":{"line":39,"column":1}},"4":{"start":{"line":6,"column":36},"end":{"line":6,"column":44}},"5":{"start":{"line":9,"column":4},"end":{"line":11,"column":5}},"6":{"start":{"line":10,"column":8},"end":{"line":10,"column":111}},"7":{"start":{"line":13,"column":4},"end":{"line":38,"column":5}},"8":{"start":{"line":14,"column":27},"end":{"line":14,"column":68}},"9":{"start":{"line":15,"column":8},"end":{"line":15,"column":29}},"10":{"start":{"line":17,"column":8},"end":{"line":17,"column":28}},"11":{"start":{"line":18,"column":8},"end":{"line":36,"column":9}},"12":{"start":{"line":26,"column":31},"end":{"line":26,"column":44}},"13":{"start":{"line":27,"column":12},"end":{"line":30,"column":182}},"14":{"start":{"line":27,"column":46},"end":{"line":27,"column":95}},"15":{"start":{"line":28,"column":17},"end":{"line":30,"column":182}},"16":{"start":{"line":28,"column":51},"end":{"line":28,"column":99}},"17":{"start":{"line":29,"column":17},"end":{"line":30,"column":182}},"18":{"start":{"line":29,"column":54},"end":{"line":29,"column":100}},"19":{"start":{"line":30,"column":17},"end":{"line":30,"column":182}},"20":{"start":{"line":30,"column":58},"end":{"line":30,"column":182}},"21":{"start":{"line":35,"column":12},"end":{"line":35,"column":49}},"22":{"start":{"line":37,"column":8},"end":{"line":37,"column":20}},"23":{"start":{"line":41,"column":0},"end":{"line":41,"column":30}}},"fnMap":{"0":{"name":"(anonymous_0)","decl":{"start":{"line":5,"column":17},"end":{"line":5,"column":18}},"loc":{"start":{"line":5,"column":43},"end":{"line":39,"column":1}},"line":5}},"branchMap":{"0":{"loc":{"start":{"line":9,"column":4},"end":{"line":11,"column":5}},"type":"if","locations":[{"start":{"line":9,"column":4},"end":{"line":11,"column":5}},{"start":{},"end":{}}],"line":9},"1":{"loc":{"start":{"line":9,"column":8},"end":{"line":9,"column":29}},"type":"binary-expr","locations":[{"start":{"line":9,"column":8},"end":{"line":9,"column":11}},{"start":{"line":9,"column":15},"end":{"line":9,"column":29}}],"line":9},"2":{"loc":{"start":{"line":18,"column":8},"end":{"line":36,"column":9}},"type":"if","locations":[{"start":{"line":18,"column":8},"end":{"line":36,"column":9}},{"start":{},"end":{}}],"line":18},"3":{"loc":{"start":{"line":18,"column":12},"end":{"line":23,"column":9}},"type":"binary-expr","locations":[{"start":{"line":18,"column":12},"end":{"line":18,"column":25}},{"start":{"line":19,"column":12},"end":{"line":19,"column":41}},{"start":{"line":20,"column":12},"end":{"line":20,"column":41}},{"start":{"line":21,"column":12},"end":{"line":21,"column":44}},{"start":{"line":22,"column":12},"end":{"line":22,"column":55}}],"line":18},"4":{"loc":{"start":{"line":27,"column":12},"end":{"line":30,"column":182}},"type":"if","locations":[{"start":{"line":27,"column":12},"end":{"line":30,"column":182}},{"start":{"line":28,"column":17},"end":{"line":30,"column":182}}],"line":27},"5":{"loc":{"start":{"line":28,"column":17},"end":{"line":30,"column":182}},"type":"if","locations":[{"start":{"line":28,"column":17},"end":{"line":30,"column":182}},{"start":{"line":29,"column":17},"end":{"line":30,"column":182}}],"line":28},"6":{"loc":{"start":{"line":29,"column":17},"end":{"line":30,"column":182}},"type":"if","locations":[{"start":{"line":29,"column":17},"end":{"line":30,"column":182}},{"start":{"line":30,"column":17},"end":{"line":30,"column":182}}],"line":29},"7":{"loc":{"start":{"line":30,"column":17},"end":{"line":30,"column":182}},"type":"if","locations":[{"start":{"line":30,"column":17},"end":{"line":30,"column":182}},{"start":{},"end":{}}],"line":30}},"s":{"0":0,"1":0,"2":0,"3":0,"4":0,"5":0,"6":0,"7":0,"8":0,"9":0,"10":0,"11":0,"12":0,"13":0,"14":0,"15":0,"16":0,"17":0,"18":0,"19":0,"20":0,"21":0,"22":0,"23":0},"f":{"0":0},"b":{"0":[0,0],"1":[0,0],"2":[0,0],"3":[0,0,0,0,0],"4":[0,0],"5":[0,0],"6":[0,0],"7":[0,0]}}
,"D:\\lumina\\lumina-backend-master\\lumina-backend-master\\src\\controllers\\userResumeController.js": {"path":"D:\\lumina\\lumina-backend-master\\lumina-backend-master\\src\\controllers\\userResumeController.js","statementMap":{"0":{"start":{"line":1,"column":19},"end":{"line":1,"column":39}},"1":{"start":{"line":2,"column":40},"end":{"line":2,"column":69}},"2":{"start":{"line":3,"column":19},"end":{"line":3,"column":50}},"3":{"start":{"line":4,"column":15},"end":{"line":4,"column":42}},"4":{"start":{"line":5,"column":18},"end":{"line":5,"column":47}},"5":{"start":{"line":6,"column":11},"end":{"line":6,"column":24}},"6":{"start":{"line":7,"column":14},"end":{"line":7,"column":30}},"7":{"start":{"line":9,"column":0},"end":{"line":36,"column":2}},"8":{"start":{"line":10,"column":14},"end":{"line":10,"column":43}},"9":{"start":{"line":11,"column":4},"end":{"line":35,"column":5}},"10":{"start":{"line":12,"column":45},"end":{"line":12,"column":53}},"11":{"start":{"line":13,"column":23},"end":{"line":13,"column":42}},"12":{"start":{"line":15,"column":8},"end":{"line":18,"column":9}},"13":{"start":{"line":16,"column":12},"end":{"line":16,"column":31}},"14":{"start":{"line":17,"column":12},"end":{"line":17,"column":103}},"15":{"start":{"line":20,"column":26},"end":{"line":25,"column":30}},"16":{"start":{"line":27,"column":8},"end":{"line":27,"column":25}},"17":{"start":{"line":28,"column":8},"end":{"line":28,"column":106}},"18":{"start":{"line":30,"column":8},"end":{"line":30,"column":27}},"19":{"start":{"line":31,"column":8},"end":{"line":33,"column":9}},"20":{"start":{"line":32,"column":12},"end":{"line":32,"column":135}},"21":{"start":{"line":32,"column":121},"end":{"line":32,"column":130}},"22":{"start":{"line":34,"column":8},"end":{"line":34,"column":20}},"23":{"start":{"line":38,"column":0},"end":{"line":50,"column":2}},"24":{"start":{"line":39,"column":4},"end":{"line":49,"column":5}},"25":{"start":{"line":40,"column":23},"end":{"line":40,"column":42}},"26":{"start":{"line":41,"column":24},"end":{"line":45,"column":10}},"27":{"start":{"line":46,"column":8},"end":{"line":46,"column":26}},"28":{"start":{"line":48,"column":8},"end":{"line":48,"column":20}},"29":{"start":{"line":52,"column":0},"end":{"line":67,"column":2}},"30":{"start":{"line":53,"column":4},"end":{"line":66,"column":5}},"31":{"start":{"line":54,"column":23},"end":{"line":54,"column":33}},"32":{"start":{"line":55,"column":23},"end":{"line":55,"column":42}},"33":{"start":{"line":57,"column":23},"end":{"line":57,"column":70}},"34":{"start":{"line":59,"column":8},"end":{"line":61,"column":9}},"35":{"start":{"line":60,"column":12},"end":{"line":60,"column":91}},"36":{"start":{"line":63,"column":8},"end":{"line":63,"column":25}},"37":{"start":{"line":65,"column":8},"end":{"line":65,"column":20}},"38":{"start":{"line":69,"column":0},"end":{"line":101,"column":2}},"39":{"start":{"line":70,"column":14},"end":{"line":70,"column":43}},"40":{"start":{"line":71,"column":4},"end":{"line":100,"column":5}},"41":{"start":{"line":72,"column":23},"end":{"line":72,"column":33}},"42":{"start":{"line":73,"column":23},"end":{"line":73,"column":42}},"43":{"start":{"line":75,"column":23},"end":{"line":75,"column":86}},"44":{"start":{"line":77,"column":8},"end":{"line":80,"column":9}},"45":{"start":{"line":78,"column":12},"end":{"line":78,"column":31}},"46":{"start":{"line":79,"column":12},"end":{"line":79,"column":91}},"47":{"start":{"line":83,"column":8},"end":{"line":92,"column":9}},"48":{"start":{"line":84,"column":12},"end":{"line":91,"column":13}},"49":{"start":{"line":85,"column":30},"end":{"line":85,"column":93}},"50":{"start":{"line":86,"column":16},"end":{"line":88,"column":19}},"51":{"start":{"line":90,"column":16},"end":{"line":90,"column":76}},"52":{"start":{"line":94,"column":8},"end":{"line":94,"column":49}},"53":{"start":{"line":95,"column":8},"end":{"line":95,"column":25}},"54":{"start":{"line":96,"column":8},"end":{"line":96,"column":61}},"55":{"start":{"line":98,"column":8},"end":{"line":98,"column":27}},"56":{"start":{"line":99,"column":8},"end":{"line":99,"column":20}},"57":{"start":{"line":103,"column":0},"end":{"line":128,"column":2}},"58":{"start":{"line":104,"column":4},"end":{"line":127,"column":5}},"59":{"start":{"line":105,"column":23},"end":{"line":105,"column":33}},"60":{"start":{"line":106,"column":23},"end":{"line":106,"column":42}},"61":{"start":{"line":108,"column":23},"end":{"line":108,"column":70}},"62":{"start":{"line":110,"column":8},"end":{"line":112,"column":9}},"63":{"start":{"line":111,"column":12},"end":{"line":111,"column":96}},"64":{"start":{"line":115,"column":25},"end":{"line":115,"column":78}},"65":{"start":{"line":116,"column":8},"end":{"line":116,"column":83}},"66":{"start":{"line":117,"column":8},"end":{"line":117,"column":57}},"67":{"start":{"line":119,"column":8},"end":{"line":123,"column":11}},"68":{"start":{"line":120,"column":12},"end":{"line":120,"column":29}},"69":{"start":{"line":122,"column":12},"end":{"line":122,"column":22}},"70":{"start":{"line":126,"column":8},"end":{"line":126,"column":20}},"71":{"start":{"line":130,"column":0},"end":{"line":214,"column":2}},"72":{"start":{"line":131,"column":14},"end":{"line":131,"column":43}},"73":{"start":{"line":132,"column":27},"end":{"line":132,"column":31}},"74":{"start":{"line":134,"column":4},"end":{"line":213,"column":5}},"75":{"start":{"line":135,"column":23},"end":{"line":135,"column":33}},"76":{"start":{"line":136,"column":23},"end":{"line":136,"column":42}},"77":{"start":{"line":138,"column":8},"end":{"line":141,"column":9}},"78":{"start":{"line":139,"column":12},"end":{"line":139,"column":31}},"79":{"start":{"line":140,"column":12},"end":{"line":140,"column":93}},"80":{"start":{"line":143,"column":23},"end":{"line":143,"column":86}},"81":{"start":{"line":144,"column":8},"end":{"line":149,"column":9}},"82":{"start":{"line":146,"column":12},"end":{"line":146,"column":67}},"83":{"start":{"line":146,"column":31},"end":{"line":146,"column":67}},"84":{"start":{"line":147,"column":12},"end":{"line":147,"column":31}},"85":{"start":{"line":148,"column":12},"end":{"line":148,"column":91}},"86":{"start":{"line":152,"column":35},"end":{"line":173,"column":9}},"87":{"start":{"line":153,"column":12},"end":{"line":172,"column":15}},"88":{"start":{"line":154,"column":30},"end":{"line":154,"column":69}},"89":{"start":{"line":155,"column":42},"end":{"line":155,"column":96}},"90":{"start":{"line":157,"column":31},"end":{"line":169,"column":17}},"91":{"start":{"line":166,"column":24},"end":{"line":167,"column":43}},"92":{"start":{"line":166,"column":36},"end":{"line":166,"column":52}},"93":{"start":{"line":167,"column":29},"end":{"line":167,"column":43}},"94":{"start":{"line":171,"column":16},"end":{"line":171,"column":59}},"95":{"start":{"line":175,"column":23},"end":{"line":175,"column":62}},"96":{"start":{"line":176,"column":8},"end":{"line":176,"column":44}},"97":{"start":{"line":179,"column":8},"end":{"line":181,"column":11}},"98":{"start":{"line":180,"column":12},"end":{"line":180,"column":69}},"99":{"start":{"line":180,"column":21},"end":{"line":180,"column":69}},"100":{"start":{"line":184,"column":28},"end":{"line":184,"column":43}},"101":{"start":{"line":185,"column":8},"end":{"line":185,"column":43}},"102":{"start":{"line":186,"column":8},"end":{"line":186,"column":43}},"103":{"start":{"line":187,"column":8},"end":{"line":187,"column":46}},"104":{"start":{"line":189,"column":8},"end":{"line":189,"column":25}},"105":{"start":{"line":192,"column":8},"end":{"line":194,"column":9}},"106":{"start":{"line":193,"column":12},"end":{"line":193,"column":142}},"107":{"start":{"line":193,"column":90},"end":{"line":193,"column":140}},"108":{"start":{"line":196,"column":8},"end":{"line":200,"column":11}},"109":{"start":{"line":203,"column":8},"end":{"line":203,"column":27}},"110":{"start":{"line":205,"column":8},"end":{"line":207,"column":9}},"111":{"start":{"line":206,"column":12},"end":{"line":206,"column":135}},"112":{"start":{"line":206,"column":95},"end":{"line":206,"column":133}},"113":{"start":{"line":209,"column":8},"end":{"line":211,"column":9}},"114":{"start":{"line":210,"column":12},"end":{"line":210,"column":48}},"115":{"start":{"line":212,"column":8},"end":{"line":212,"column":20}},"116":{"start":{"line":216,"column":0},"end":{"line":295,"column":2}},"117":{"start":{"line":217,"column":14},"end":{"line":217,"column":43}},"118":{"start":{"line":218,"column":27},"end":{"line":218,"column":31}},"119":{"start":{"line":220,"column":4},"end":{"line":294,"column":5}},"120":{"start":{"line":221,"column":23},"end":{"line":221,"column":42}},"121":{"start":{"line":223,"column":8},"end":{"line":226,"column":9}},"122":{"start":{"line":224,"column":12},"end":{"line":224,"column":31}},"123":{"start":{"line":225,"column":12},"end":{"line":225,"column":93}},"124":{"start":{"line":228,"column":8},"end":{"line":233,"column":9}},"125":{"start":{"line":230,"column":12},"end":{"line":230,"column":67}},"126":{"start":{"line":230,"column":31},"end":{"line":230,"column":67}},"127":{"start":{"line":231,"column":12},"end":{"line":231,"column":31}},"128":{"start":{"line":232,"column":12},"end":{"line":232,"column":112}},"129":{"start":{"line":236,"column":35},"end":{"line":256,"column":9}},"130":{"start":{"line":237,"column":12},"end":{"line":255,"column":15}},"131":{"start":{"line":238,"column":30},"end":{"line":238,"column":69}},"132":{"start":{"line":239,"column":42},"end":{"line":239,"column":96}},"133":{"start":{"line":241,"column":31},"end":{"line":253,"column":17}},"134":{"start":{"line":250,"column":24},"end":{"line":251,"column":43}},"135":{"start":{"line":250,"column":36},"end":{"line":250,"column":52}},"136":{"start":{"line":251,"column":29},"end":{"line":251,"column":43}},"137":{"start":{"line":254,"column":16},"end":{"line":254,"column":59}},"138":{"start":{"line":258,"column":23},"end":{"line":258,"column":62}},"139":{"start":{"line":259,"column":8},"end":{"line":259,"column":44}},"140":{"start":{"line":262,"column":8},"end":{"line":264,"column":11}},"141":{"start":{"line":263,"column":12},"end":{"line":263,"column":69}},"142":{"start":{"line":263,"column":21},"end":{"line":263,"column":69}},"143":{"start":{"line":267,"column":26},"end":{"line":274,"column":30}},"144":{"start":{"line":276,"column":8},"end":{"line":276,"column":25}},"145":{"start":{"line":278,"column":8},"end":{"line":281,"column":11}},"146":{"start":{"line":284,"column":8},"end":{"line":284,"column":27}},"147":{"start":{"line":286,"column":8},"end":{"line":288,"column":9}},"148":{"start":{"line":287,"column":12},"end":{"line":287,"column":135}},"149":{"start":{"line":287,"column":95},"end":{"line":287,"column":133}},"150":{"start":{"line":290,"column":8},"end":{"line":292,"column":9}},"151":{"start":{"line":291,"column":12},"end":{"line":291,"column":48}},"152":{"start":{"line":293,"column":8},"end":{"line":293,"column":20}}},"fnMap":{"0":{"name":"(anonymous_0)","decl":{"start":{"line":9,"column":21},"end":{"line":9,"column":22}},"loc":{"start":{"line":9,"column":47},"end":{"line":36,"column":1}},"line":9},"1":{"name":"(anonymous_1)","decl":{"start":{"line":32,"column":116},"end":{"line":32,"column":117}},"loc":{"start":{"line":32,"column":121},"end":{"line":32,"column":130}},"line":32},"2":{"name":"(anonymous_2)","decl":{"start":{"line":38,"column":21},"end":{"line":38,"column":22}},"loc":{"start":{"line":38,"column":47},"end":{"line":50,"column":1}},"line":38},"3":{"name":"(anonymous_3)","decl":{"start":{"line":52,"column":24},"end":{"line":52,"column":25}},"loc":{"start":{"line":52,"column":50},"end":{"line":67,"column":1}},"line":52},"4":{"name":"(anonymous_4)","decl":{"start":{"line":69,"column":23},"end":{"line":69,"column":24}},"loc":{"start":{"line":69,"column":49},"end":{"line":101,"column":1}},"line":69},"5":{"name":"(anonymous_5)","decl":{"start":{"line":103,"column":25},"end":{"line":103,"column":26}},"loc":{"start":{"line":103,"column":51},"end":{"line":128,"column":1}},"line":103},"6":{"name":"(anonymous_6)","decl":{"start":{"line":119,"column":34},"end":{"line":119,"column":35}},"loc":{"start":{"line":119,"column":46},"end":{"line":121,"column":9}},"line":119},"7":{"name":"(anonymous_7)","decl":{"start":{"line":121,"column":23},"end":{"line":121,"column":24}},"loc":{"start":{"line":121,"column":32},"end":{"line":123,"column":9}},"line":121},"8":{"name":"(anonymous_8)","decl":{"start":{"line":130,"column":27},"end":{"line":130,"column":28}},"loc":{"start":{"line":130,"column":53},"end":{"line":214,"column":1}},"line":130},"9":{"name":"(anonymous_9)","decl":{"start":{"line":146,"column":56},"end":{"line":146,"column":57}},"loc":{"start":{"line":146,"column":62},"end":{"line":146,"column":65}},"line":146},"10":{"name":"(anonymous_10)","decl":{"start":{"line":152,"column":35},"end":{"line":152,"column":36}},"loc":{"start":{"line":152,"column":49},"end":{"line":173,"column":9}},"line":152},"11":{"name":"(anonymous_11)","decl":{"start":{"line":153,"column":31},"end":{"line":153,"column":32}},"loc":{"start":{"line":153,"column":52},"end":{"line":172,"column":13}},"line":153},"12":{"name":"(anonymous_12)","decl":{"start":{"line":165,"column":20},"end":{"line":165,"column":21}},"loc":{"start":{"line":165,"column":39},"end":{"line":168,"column":21}},"line":165},"13":{"name":"(anonymous_13)","decl":{"start":{"line":179,"column":33},"end":{"line":179,"column":34}},"loc":{"start":{"line":179,"column":42},"end":{"line":181,"column":9}},"line":179},"14":{"name":"(anonymous_14)","decl":{"start":{"line":193,"column":85},"end":{"line":193,"column":86}},"loc":{"start":{"line":193,"column":90},"end":{"line":193,"column":140}},"line":193},"15":{"name":"(anonymous_15)","decl":{"start":{"line":206,"column":90},"end":{"line":206,"column":91}},"loc":{"start":{"line":206,"column":95},"end":{"line":206,"column":133}},"line":206},"16":{"name":"(anonymous_16)","decl":{"start":{"line":210,"column":37},"end":{"line":210,"column":38}},"loc":{"start":{"line":210,"column":43},"end":{"line":210,"column":46}},"line":210},"17":{"name":"(anonymous_17)","decl":{"start":{"line":216,"column":23},"end":{"line":216,"column":24}},"loc":{"start":{"line":216,"column":49},"end":{"line":295,"column":1}},"line":216},"18":{"name":"(anonymous_18)","decl":{"start":{"line":230,"column":56},"end":{"line":230,"column":57}},"loc":{"start":{"line":230,"column":62},"end":{"line":230,"column":65}},"line":230},"19":{"name":"(anonymous_19)","decl":{"start":{"line":236,"column":35},"end":{"line":236,"column":36}},"loc":{"start":{"line":236,"column":49},"end":{"line":256,"column":9}},"line":236},"20":{"name":"(anonymous_20)","decl":{"start":{"line":237,"column":31},"end":{"line":237,"column":32}},"loc":{"start":{"line":237,"column":52},"end":{"line":255,"column":13}},"line":237},"21":{"name":"(anonymous_21)","decl":{"start":{"line":249,"column":20},"end":{"line":249,"column":21}},"loc":{"start":{"line":249,"column":39},"end":{"line":252,"column":21}},"line":249},"22":{"name":"(anonymous_22)","decl":{"start":{"line":262,"column":33},"end":{"line":262,"column":34}},"loc":{"start":{"line":262,"column":42},"end":{"line":264,"column":9}},"line":262},"23":{"name":"(anonymous_23)","decl":{"start":{"line":287,"column":90},"end":{"line":287,"column":91}},"loc":{"start":{"line":287,"column":95},"end":{"line":287,"column":133}},"line":287},"24":{"name":"(anonymous_24)","decl":{"start":{"line":291,"column":37},"end":{"line":291,"column":38}},"loc":{"start":{"line":291,"column":43},"end":{"line":291,"column":46}},"line":291}},"branchMap":{"0":{"loc":{"start":{"line":15,"column":8},"end":{"line":18,"column":9}},"type":"if","locations":[{"start":{"line":15,"column":8},"end":{"line":18,"column":9}},{"start":{},"end":{}}],"line":15},"1":{"loc":{"start":{"line":22,"column":19},"end":{"line":22,"column":45}},"type":"binary-expr","locations":[{"start":{"line":22,"column":19},"end":{"line":22,"column":24}},{"start":{"line":22,"column":28},"end":{"line":22,"column":45}}],"line":22},"2":{"loc":{"start":{"line":24,"column":22},"end":{"line":24,"column":42}},"type":"binary-expr","locations":[{"start":{"line":24,"column":22},"end":{"line":24,"column":30}},{"start":{"line":24,"column":34},"end":{"line":24,"column":42}}],"line":24},"3":{"loc":{"start":{"line":31,"column":8},"end":{"line":33,"column":9}},"type":"if","locations":[{"start":{"line":31,"column":8},"end":{"line":33,"column":9}},{"start":{},"end":{}}],"line":31},"4":{"loc":{"start":{"line":59,"column":8},"end":{"line":61,"column":9}},"type":"if","locations":[{"start":{"line":59,"column":8},"end":{"line":61,"column":9}},{"start":{},"end":{}}],"line":59},"5":{"loc":{"start":{"line":77,"column":8},"end":{"line":80,"column":9}},"type":"if","locations":[{"start":{"line":77,"column":8},"end":{"line":80,"column":9}},{"start":{},"end":{}}],"line":77},"6":{"loc":{"start":{"line":83,"column":8},"end":{"line":92,"column":9}},"type":"if","locations":[{"start":{"line":83,"column":8},"end":{"line":92,"column":9}},{"start":{},"end":{}}],"line":83},"7":{"loc":{"start":{"line":85,"column":30},"end":{"line":85,"column":93}},"type":"binary-expr","locations":[{"start":{"line":85,"column":30},"end":{"line":85,"column":44}},{"start":{"line":85,"column":48},"end":{"line":85,"column":93}}],"line":85},"8":{"loc":{"start":{"line":87,"column":35},"end":{"line":87,"column":58}},"type":"cond-expr","locations":[{"start":{"line":87,"column":43},"end":{"line":87,"column":48}},{"start":{"line":87,"column":51},"end":{"line":87,"column":58}}],"line":87},"9":{"loc":{"start":{"line":110,"column":8},"end":{"line":112,"column":9}},"type":"if","locations":[{"start":{"line":110,"column":8},"end":{"line":112,"column":9}},{"start":{},"end":{}}],"line":110},"10":{"loc":{"start":{"line":110,"column":12},"end":{"line":110,"column":38}},"type":"binary-expr","locations":[{"start":{"line":110,"column":12},"end":{"line":110,"column":19}},{"start":{"line":110,"column":23},"end":{"line":110,"column":38}}],"line":110},"11":{"loc":{"start":{"line":138,"column":8},"end":{"line":141,"column":9}},"type":"if","locations":[{"start":{"line":138,"column":8},"end":{"line":141,"column":9}},{"start":{},"end":{}}],"line":138},"12":{"loc":{"start":{"line":144,"column":8},"end":{"line":149,"column":9}},"type":"if","locations":[{"start":{"line":144,"column":8},"end":{"line":149,"column":9}},{"start":{},"end":{}}],"line":144},"13":{"loc":{"start":{"line":146,"column":12},"end":{"line":146,"column":67}},"type":"if","locations":[{"start":{"line":146,"column":12},"end":{"line":146,"column":67}},{"start":{},"end":{}}],"line":146},"14":{"loc":{"start":{"line":160,"column":39},"end":{"line":160,"column":61}},"type":"cond-expr","locations":[{"start":{"line":160,"column":47},"end":{"line":160,"column":52}},{"start":{"line":160,"column":55},"end":{"line":160,"column":61}}],"line":160},"15":{"loc":{"start":{"line":161,"column":35},"end":{"line":161,"column":72}},"type":"cond-expr","locations":[{"start":{"line":161,"column":43},"end":{"line":161,"column":60}},{"start":{"line":161,"column":63},"end":{"line":161,"column":72}}],"line":161},"16":{"loc":{"start":{"line":166,"column":24},"end":{"line":167,"column":43}},"type":"if","locations":[{"start":{"line":166,"column":24},"end":{"line":167,"column":43}},{"start":{"line":167,"column":29},"end":{"line":167,"column":43}}],"line":166},"17":{"loc":{"start":{"line":180,"column":12},"end":{"line":180,"column":69}},"type":"if","locations":[{"start":{"line":180,"column":12},"end":{"line":180,"column":69}},{"start":{},"end":{}}],"line":180},"18":{"loc":{"start":{"line":192,"column":8},"end":{"line":194,"column":9}},"type":"if","locations":[{"start":{"line":192,"column":8},"end":{"line":194,"column":9}},{"start":{},"end":{}}],"line":192},"19":{"loc":{"start":{"line":192,"column":12},"end":{"line":192,"column":59}},"type":"binary-expr","locations":[{"start":{"line":192,"column":12},"end":{"line":192,"column":23}},{"start":{"line":192,"column":27},"end":{"line":192,"column":59}}],"line":192},"20":{"loc":{"start":{"line":205,"column":8},"end":{"line":207,"column":9}},"type":"if","locations":[{"start":{"line":205,"column":8},"end":{"line":207,"column":9}},{"start":{},"end":{}}],"line":205},"21":{"loc":{"start":{"line":209,"column":8},"end":{"line":211,"column":9}},"type":"if","locations":[{"start":{"line":209,"column":8},"end":{"line":211,"column":9}},{"start":{},"end":{}}],"line":209},"22":{"loc":{"start":{"line":209,"column":12},"end":{"line":209,"column":37}},"type":"binary-expr","locations":[{"start":{"line":209,"column":12},"end":{"line":209,"column":20}},{"start":{"line":209,"column":24},"end":{"line":209,"column":37}}],"line":209},"23":{"loc":{"start":{"line":223,"column":8},"end":{"line":226,"column":9}},"type":"if","locations":[{"start":{"line":223,"column":8},"end":{"line":226,"column":9}},{"start":{},"end":{}}],"line":223},"24":{"loc":{"start":{"line":228,"column":8},"end":{"line":233,"column":9}},"type":"if","locations":[{"start":{"line":228,"column":8},"end":{"line":233,"column":9}},{"start":{},"end":{}}],"line":228},"25":{"loc":{"start":{"line":228,"column":12},"end":{"line":228,"column":81}},"type":"binary-expr","locations":[{"start":{"line":228,"column":12},"end":{"line":228,"column":46}},{"start":{"line":228,"column":50},"end":{"line":228,"column":81}}],"line":228},"26":{"loc":{"start":{"line":230,"column":12},"end":{"line":230,"column":67}},"type":"if","locations":[{"start":{"line":230,"column":12},"end":{"line":230,"column":67}},{"start":{},"end":{}}],"line":230},"27":{"loc":{"start":{"line":244,"column":39},"end":{"line":244,"column":61}},"type":"cond-expr","locations":[{"start":{"line":244,"column":47},"end":{"line":244,"column":52}},{"start":{"line":244,"column":55},"end":{"line":244,"column":61}}],"line":244},"28":{"loc":{"start":{"line":245,"column":35},"end":{"line":245,"column":72}},"type":"cond-expr","locations":[{"start":{"line":245,"column":43},"end":{"line":245,"column":60}},{"start":{"line":245,"column":63},"end":{"line":245,"column":72}}],"line":245},"29":{"loc":{"start":{"line":250,"column":24},"end":{"line":251,"column":43}},"type":"if","locations":[{"start":{"line":250,"column":24},"end":{"line":251,"column":43}},{"start":{"line":251,"column":29},"end":{"line":251,"column":43}}],"line":250},"30":{"loc":{"start":{"line":263,"column":12},"end":{"line":263,"column":69}},"type":"if","locations":[{"start":{"line":263,"column":12},"end":{"line":263,"column":69}},{"start":{},"end":{}}],"line":263},"31":{"loc":{"start":{"line":269,"column":19},"end":{"line":269,"column":54}},"type":"binary-expr","locations":[{"start":{"line":269,"column":19},"end":{"line":269,"column":33}},{"start":{"line":269,"column":37},"end":{"line":269,"column":54}}],"line":269},"32":{"loc":{"start":{"line":286,"column":8},"end":{"line":288,"column":9}},"type":"if","locations":[{"start":{"line":286,"column":8},"end":{"line":288,"column":9}},{"start":{},"end":{}}],"line":286},"33":{"loc":{"start":{"line":290,"column":8},"end":{"line":292,"column":9}},"type":"if","locations":[{"start":{"line":290,"column":8},"end":{"line":292,"column":9}},{"start":{},"end":{}}],"line":290},"34":{"loc":{"start":{"line":290,"column":12},"end":{"line":290,"column":37}},"type":"binary-expr","locations":[{"start":{"line":290,"column":12},"end":{"line":290,"column":20}},{"start":{"line":290,"column":24},"end":{"line":290,"column":37}}],"line":290}},"s":{"0":0,"1":0,"2":0,"3":0,"4":0,"5":0,"6":0,"7":0,"8":0,"9":0,"10":0,"11":0,"12":0,"13":0,"14":0,"15":0,"16":0,"17":0,"18":0,"19":0,"20":0,"21":0,"22":0,"23":0,"24":0,"25":0,"26":0,"27":0,"28":0,"29":0,"30":0,"31":0,"32":0,"33":0,"34":0,"35":0,"36":0,"37":0,"38":0,"39":0,"40":0,"41":0,"42":0,"43":0,"44":0,"45":0,"46":0,"47":0,"48":0,"49":0,"50":0,"51":0,"52":0,"53":0,"54":0,"55":0,"56":0,"57":0,"58":0,"59":0,"60":0,"61":0,"62":0,"63":0,"64":0,"65":0,"66":0,"67":0,"68":0,"69":0,"70":0,"71":0,"72":0,"73":0,"74":0,"75":0,"76":0,"77":0,"78":0,"79":0,"80":0,"81":0,"82":0,"83":0,"84":0,"85":0,"86":0,"87":0,"88":0,"89":0,"90":0,"91":0,"92":0,"93":0,"94":0,"95":0,"96":0,"97":0,"98":0,"99":0,"100":0,"101":0,"102":0,"103":0,"104":0,"105":0,"106":0,"107":0,"108":0,"109":0,"110":0,"111":0,"112":0,"113":0,"114":0,"115":0,"116":0,"117":0,"118":0,"119":0,"120":0,"121":0,"122":0,"123":0,"124":0,"125":0,"126":0,"127":0,"128":0,"129":0,"130":0,"131":0,"132":0,"133":0,"134":0,"135":0,"136":0,"137":0,"138":0,"139":0,"140":0,"141":0,"142":0,"143":0,"144":0,"145":0,"146":0,"147":0,"148":0,"149":0,"150":0,"151":0,"152":0},"f":{"0":0,"1":0,"2":0,"3":0,"4":0,"5":0,"6":0,"7":0,"8":0,"9":0,"10":0,"11":0,"12":0,"13":0,"14":0,"15":0,"16":0,"17":0,"18":0,"19":0,"20":0,"21":0,"22":0,"23":0,"24":0},"b":{"0":[0,0],"1":[0,0],"2":[0,0],"3":[0,0],"4":[0,0],"5":[0,0],"6":[0,0],"7":[0,0],"8":[0,0],"9":[0,0],"10":[0,0],"11":[0,0],"12":[0,0],"13":[0,0],"14":[0,0],"15":[0,0],"16":[0,0],"17":[0,0],"18":[0,0],"19":[0,0],"20":[0,0],"21":[0,0],"22":[0,0],"23":[0,0],"24":[0,0],"25":[0,0],"26":[0,0],"27":[0,0],"28":[0,0],"29":[0,0],"30":[0,0],"31":[0,0],"32":[0,0],"33":[0,0],"34":[0,0]}}
,"D:\\lumina\\lumina-backend-master\\lumina-backend-master\\src\\middleware\\adminAuth.js": {"path":"D:\\lumina\\lumina-backend-master\\lumina-backend-master\\src\\middleware\\adminAuth.js","statementMap":{"0":{"start":{"line":1,"column":13},"end":{"line":1,"column":38}},"1":{"start":{"line":3,"column":0},"end":{"line":30,"column":2}},"2":{"start":{"line":4,"column":4},"end":{"line":29,"column":5}},"3":{"start":{"line":6,"column":8},"end":{"line":8,"column":9}},"4":{"start":{"line":7,"column":12},"end":{"line":7,"column":80}},"5":{"start":{"line":10,"column":23},"end":{"line":10,"column":42}},"6":{"start":{"line":11,"column":26},"end":{"line":11,"column":44}},"7":{"start":{"line":14,"column":8},"end":{"line":16,"column":9}},"8":{"start":{"line":15,"column":12},"end":{"line":15,"column":26}},"9":{"start":{"line":19,"column":21},"end":{"line":19,"column":48}},"10":{"start":{"line":20,"column":8},"end":{"line":22,"column":9}},"11":{"start":{"line":21,"column":12},"end":{"line":21,"column":26}},"12":{"start":{"line":25,"column":8},"end":{"line":25,"column":94}},"13":{"start":{"line":28,"column":8},"end":{"line":28,"column":94}}},"fnMap":{"0":{"name":"(anonymous_0)","decl":{"start":{"line":3,"column":17},"end":{"line":3,"column":18}},"loc":{"start":{"line":3,"column":43},"end":{"line":30,"column":1}},"line":3}},"branchMap":{"0":{"loc":{"start":{"line":6,"column":8},"end":{"line":8,"column":9}},"type":"if","locations":[{"start":{"line":6,"column":8},"end":{"line":8,"column":9}},{"start":{},"end":{}}],"line":6},"1":{"loc":{"start":{"line":14,"column":8},"end":{"line":16,"column":9}},"type":"if","locations":[{"start":{"line":14,"column":8},"end":{"line":16,"column":9}},{"start":{},"end":{}}],"line":14},"2":{"loc":{"start":{"line":20,"column":8},"end":{"line":22,"column":9}},"type":"if","locations":[{"start":{"line":20,"column":8},"end":{"line":22,"column":9}},{"start":{},"end":{}}],"line":20},"3":{"loc":{"start":{"line":20,"column":12},"end":{"line":20,"column":41}},"type":"binary-expr","locations":[{"start":{"line":20,"column":12},"end":{"line":20,"column":16}},{"start":{"line":20,"column":20},"end":{"line":20,"column":41}}],"line":20}},"s":{"0":0,"1":0,"2":0,"3":0,"4":0,"5":0,"6":0,"7":0,"8":0,"9":0,"10":0,"11":0,"12":0,"13":0},"f":{"0":0},"b":{"0":[0,0],"1":[0,0],"2":[0,0],"3":[0,0]}}
,"D:\\lumina\\lumina-backend-master\\lumina-backend-master\\src\\middleware\\auth.js": {"path":"D:\\lumina\\lumina-backend-master\\lumina-backend-master\\src\\middleware\\auth.js","statementMap":{"0":{"start":{"line":1,"column":12},"end":{"line":1,"column":35}},"1":{"start":{"line":2,"column":24},"end":{"line":2,"column":53}},"2":{"start":{"line":4,"column":0},"end":{"line":24,"column":2}},"3":{"start":{"line":5,"column":4},"end":{"line":23,"column":5}},"4":{"start":{"line":6,"column":27},"end":{"line":6,"column":52}},"5":{"start":{"line":7,"column":8},"end":{"line":9,"column":9}},"6":{"start":{"line":8,"column":12},"end":{"line":8,"column":118}},"7":{"start":{"line":11,"column":22},"end":{"line":11,"column":46}},"8":{"start":{"line":12,"column":8},"end":{"line":14,"column":9}},"9":{"start":{"line":13,"column":12},"end":{"line":13,"column":121}},"10":{"start":{"line":17,"column":23},"end":{"line":17,"column":74}},"11":{"start":{"line":18,"column":24},"end":{"line":18,"column":49}},"12":{"start":{"line":19,"column":8},"end":{"line":19,"column":72}},"13":{"start":{"line":20,"column":8},"end":{"line":20,"column":15}},"14":{"start":{"line":22,"column":8},"end":{"line":22,"column":110}}},"fnMap":{"0":{"name":"(anonymous_0)","decl":{"start":{"line":4,"column":17},"end":{"line":4,"column":18}},"loc":{"start":{"line":4,"column":37},"end":{"line":24,"column":1}},"line":4}},"branchMap":{"0":{"loc":{"start":{"line":7,"column":8},"end":{"line":9,"column":9}},"type":"if","locations":[{"start":{"line":7,"column":8},"end":{"line":9,"column":9}},{"start":{},"end":{}}],"line":7},"1":{"loc":{"start":{"line":12,"column":8},"end":{"line":14,"column":9}},"type":"if","locations":[{"start":{"line":12,"column":8},"end":{"line":14,"column":9}},{"start":{},"end":{}}],"line":12},"2":{"loc":{"start":{"line":17,"column":23},"end":{"line":17,"column":74}},"type":"binary-expr","locations":[{"start":{"line":17,"column":23},"end":{"line":17,"column":45}},{"start":{"line":17,"column":49},"end":{"line":17,"column":74}}],"line":17}},"s":{"0":0,"1":0,"2":0,"3":0,"4":0,"5":0,"6":0,"7":0,"8":0,"9":0,"10":0,"11":0,"12":0,"13":0,"14":0},"f":{"0":0},"b":{"0":[0,0],"1":[0,0],"2":[0,0]}}
,"D:\\lumina\\lumina-backend-master\\lumina-backend-master\\src\\middleware\\errorHandler.js": {"path":"D:\\lumina\\lumina-backend-master\\lumina-backend-master\\src\\middleware\\errorHandler.js","statementMap":{"0":{"start":{"line":1,"column":15},"end":{"line":1,"column":42}},"1":{"start":{"line":2,"column":40},"end":{"line":2,"column":69}},"2":{"start":{"line":4,"column":21},"end":{"line":25,"column":1}},"3":{"start":{"line":6,"column":4},"end":{"line":12,"column":7}},"4":{"start":{"line":15,"column":23},"end":{"line":15,"column":44}},"5":{"start":{"line":16,"column":20},"end":{"line":18,"column":48}},"6":{"start":{"line":20,"column":4},"end":{"line":24,"column":7}},"7":{"start":{"line":27,"column":0},"end":{"line":27,"column":30}}},"fnMap":{"0":{"name":"(anonymous_0)","decl":{"start":{"line":4,"column":21},"end":{"line":4,"column":22}},"loc":{"start":{"line":4,"column":46},"end":{"line":25,"column":1}},"line":4}},"branchMap":{"0":{"loc":{"start":{"line":15,"column":23},"end":{"line":15,"column":44}},"type":"binary-expr","locations":[{"start":{"line":15,"column":23},"end":{"line":15,"column":37}},{"start":{"line":15,"column":41},"end":{"line":15,"column":44}}],"line":15},"1":{"loc":{"start":{"line":16,"column":20},"end":{"line":18,"column":48}},"type":"cond-expr","locations":[{"start":{"line":17,"column":10},"end":{"line":17,"column":33}},{"start":{"line":18,"column":10},"end":{"line":18,"column":48}}],"line":16},"2":{"loc":{"start":{"line":18,"column":10},"end":{"line":18,"column":48}},"type":"binary-expr","locations":[{"start":{"line":18,"column":10},"end":{"line":18,"column":21}},{"start":{"line":18,"column":25},"end":{"line":18,"column":48}}],"line":18},"3":{"loc":{"start":{"line":23,"column":14},"end":{"line":23,"column":42}},"type":"binary-expr","locations":[{"start":{"line":23,"column":14},"end":{"line":23,"column":22}},{"start":{"line":23,"column":26},"end":{"line":23,"column":42}}],"line":23}},"s":{"0":0,"1":0,"2":0,"3":0,"4":0,"5":0,"6":0,"7":0},"f":{"0":0},"b":{"0":[0,0],"1":[0,0],"2":[0,0],"3":[0,0]}}
,"D:\\lumina\\lumina-backend-master\\lumina-backend-master\\src\\middleware\\upload.js": {"path":"D:\\lumina\\lumina-backend-master\\lumina-backend-master\\src\\middleware\\upload.js","statementMap":{"0":{"start":{"line":1,"column":15},"end":{"line":1,"column":32}},"1":{"start":{"line":2,"column":13},"end":{"line":2,"column":28}},"2":{"start":{"line":3,"column":11},"end":{"line":3,"column":24}},"3":{"start":{"line":6,"column":16},"end":{"line":14,"column":2}},"4":{"start":{"line":8,"column":8},"end":{"line":8,"column":30}},"5":{"start":{"line":11,"column":29},"end":{"line":11,"column":79}},"6":{"start":{"line":12,"column":8},"end":{"line":12,"column":88}},"7":{"start":{"line":16,"column":19},"end":{"line":26,"column":1}},"8":{"start":{"line":17,"column":25},"end":{"line":17,"column":43}},"9":{"start":{"line":18,"column":20},"end":{"line":18,"column":84}},"10":{"start":{"line":19,"column":21},"end":{"line":19,"column":53}},"11":{"start":{"line":21,"column":4},"end":{"line":25,"column":5}},"12":{"start":{"line":22,"column":8},"end":{"line":22,"column":30}},"13":{"start":{"line":24,"column":8},"end":{"line":24,"column":66}},"14":{"start":{"line":28,"column":15},"end":{"line":32,"column":2}},"15":{"start":{"line":34,"column":0},"end":{"line":34,"column":24}}},"fnMap":{"0":{"name":"(anonymous_0)","decl":{"start":{"line":7,"column":17},"end":{"line":7,"column":18}},"loc":{"start":{"line":7,"column":36},"end":{"line":9,"column":5}},"line":7},"1":{"name":"(anonymous_1)","decl":{"start":{"line":10,"column":14},"end":{"line":10,"column":15}},"loc":{"start":{"line":10,"column":33},"end":{"line":13,"column":5}},"line":10},"2":{"name":"(anonymous_2)","decl":{"start":{"line":16,"column":19},"end":{"line":16,"column":20}},"loc":{"start":{"line":16,"column":38},"end":{"line":26,"column":1}},"line":16}},"branchMap":{"0":{"loc":{"start":{"line":21,"column":4},"end":{"line":25,"column":5}},"type":"if","locations":[{"start":{"line":21,"column":4},"end":{"line":25,"column":5}},{"start":{"line":23,"column":11},"end":{"line":25,"column":5}}],"line":21},"1":{"loc":{"start":{"line":21,"column":8},"end":{"line":21,"column":27}},"type":"binary-expr","locations":[{"start":{"line":21,"column":8},"end":{"line":21,"column":15}},{"start":{"line":21,"column":19},"end":{"line":21,"column":27}}],"line":21}},"s":{"0":0,"1":0,"2":0,"3":0,"4":0,"5":0,"6":0,"7":0,"8":0,"9":0,"10":0,"11":0,"12":0,"13":0,"14":0,"15":0},"f":{"0":0,"1":0,"2":0},"b":{"0":[0,0],"1":[0,0]}}
,"D:\\lumina\\lumina-backend-master\\lumina-backend-master\\src\\models\\InterviewReminder.js": {"path":"D:\\lumina\\lumina-backend-master\\lumina-backend-master\\src\\models\\InterviewReminder.js","statementMap":{"0":{"start":{"line":1,"column":22},"end":{"line":1,"column":42}},"1":{"start":{"line":2,"column":18},"end":{"line":2,"column":47}},"2":{"start":{"line":3,"column":13},"end":{"line":3,"column":30}},"3":{"start":{"line":5,"column":26},"end":{"line":72,"column":2}},"4":{"start":{"line":74,"column":0},"end":{"line":74,"column":35}}},"fnMap":{},"branchMap":{},"s":{"0":0,"1":0,"2":0,"3":0,"4":0},"f":{},"b":{}}
,"D:\\lumina\\lumina-backend-master\\lumina-backend-master\\src\\models\\Resume.js": {"path":"D:\\lumina\\lumina-backend-master\\lumina-backend-master\\src\\models\\Resume.js","statementMap":{"0":{"start":{"line":1,"column":22},"end":{"line":1,"column":42}},"1":{"start":{"line":2,"column":18},"end":{"line":2,"column":47}},"2":{"start":{"line":3,"column":13},"end":{"line":3,"column":30}},"3":{"start":{"line":5,"column":15},"end":{"line":47,"column":2}},"4":{"start":{"line":50,"column":0},"end":{"line":50,"column":24}}},"fnMap":{},"branchMap":{},"s":{"0":0,"1":0,"2":0,"3":0,"4":0},"f":{},"b":{}}
,"D:\\lumina\\lumina-backend-master\\lumina-backend-master\\src\\models\\User.js": {"path":"D:\\lumina\\lumina-backend-master\\lumina-backend-master\\src\\models\\User.js","statementMap":{"0":{"start":{"line":1,"column":22},"end":{"line":1,"column":42}},"1":{"start":{"line":2,"column":18},"end":{"line":2,"column":47}},"2":{"start":{"line":4,"column":13},"end":{"line":51,"column":2}},"3":{"start":{"line":53,"column":0},"end":{"line":53,"column":22}}},"fnMap":{},"branchMap":{},"s":{"0":0,"1":0,"2":0,"3":0},"f":{},"b":{}}
,"D:\\lumina\\lumina-backend-master\\lumina-backend-master\\src\\models\\index.js": {"path":"D:\\lumina\\lumina-backend-master\\lumina-backend-master\\src\\models\\index.js","statementMap":{"0":{"start":{"line":1,"column":18},"end":{"line":1,"column":47}},"1":{"start":{"line":2,"column":13},"end":{"line":2,"column":30}},"2":{"start":{"line":3,"column":15},"end":{"line":3,"column":34}},"3":{"start":{"line":4,"column":26},"end":{"line":4,"column":56}},"4":{"start":{"line":7,"column":0},"end":{"line":7,"column":68}},"5":{"start":{"line":8,"column":0},"end":{"line":8,"column":49}},"6":{"start":{"line":9,"column":0},"end":{"line":9,"column":79}},"7":{"start":{"line":10,"column":0},"end":{"line":10,"column":60}},"8":{"start":{"line":12,"column":0},"end":{"line":17,"column":2}}},"fnMap":{},"branchMap":{},"s":{"0":0,"1":0,"2":0,"3":0,"4":0,"5":0,"6":0,"7":0,"8":0},"f":{},"b":{}}
[...]
{"line":63,"column":60}},"line":63},"8":{"name":"(anonymous_8)","decl":{"start":{"line":65,"column":15},"end":{"line":65,"column":16}},"loc":{"start":{"line":65,"column":24},"end":{"line":65,"column":43}},"line":65},"9":{"name":"(anonymous_9)","decl":{"start":{"line":67,"column":22},"end":{"line":67,"column":23}},"loc":{"start":{"line":67,"column":44},"end":{"line":67,"column":104}},"line":67},"10":{"name":"(anonymous_10)","decl":{"start":{"line":69,"column":32},"end":{"line":69,"column":33}},"loc":{"start":{"line":69,"column":58},"end":{"line":86,"column":1}},"line":69},"11":{"name":"(anonymous_11)","decl":{"start":{"line":71,"column":24},"end":{"line":71,"column":25}},"loc":{"start":{"line":71,"column":32},"end":{"line":85,"column":5}},"line":71},"12":{"name":"(anonymous_12)","decl":{"start":{"line":75,"column":43},"end":{"line":75,"column":44}},"loc":{"start":{"line":75,"column":52},"end":{"line":77,"column":9}},"line":75},"13":{"name":"(anonymous_13)","decl":{"start":{"line":82,"column":53},"end":{"line":82,"column":54}},"loc":{"start":{"line":82,"column":62},"end":{"line":82,"column":95}},"line":82},"14":{"name":"(anonymous_14)","decl":{"start":{"line":84,"column":31},"end":{"line":84,"column":32}},"loc":{"start":{"line":84,"column":40},"end":{"line":84,"column":106}},"line":84},"15":{"name":"(anonymous_15)","decl":{"start":{"line":84,"column":61},"end":{"line":84,"column":62}},"loc":{"start":{"line":84,"column":74},"end":{"line":84,"column":105}},"line":84},"16":{"name":"(anonymous_16)","decl":{"start":{"line":88,"column":23},"end":{"line":88,"column":24}},"loc":{"start":{"line":88,"column":38},"end":{"line":100,"column":1}},"line":88},"17":{"name":"(anonymous_17)","decl":{"start":{"line":102,"column":24},"end":{"line":102,"column":25}},"loc":{"start":{"line":102,"column":49},"end":{"line":109,"column":1}},"line":102},"18":{"name":"(anonymous_18)","decl":{"start":{"line":103,"column":59},"end":{"line":103,"column":60}},"loc":{"start":{"line":103,"column":67},"end":{"line":103,"column":96}},"line":103},"19":{"name":"(anonymous_19)","decl":{"start":{"line":105,"column":16},"end":{"line":105,"column":17}},"loc":{"start":{"line":105,"column":26},"end":{"line":105,"column":59}},"line":105},"20":{"name":"(anonymous_20)","decl":{"start":{"line":111,"column":21},"end":{"line":111,"column":22}},"loc":{"start":{"line":111,"column":37},"end":{"line":114,"column":1}},"line":111},"21":{"name":"(anonymous_21)","decl":{"start":{"line":113,"column":46},"end":{"line":113,"column":47}},"loc":{"start":{"line":113,"column":55},"end":{"line":113,"column":75}},"line":113},"22":{"name":"(anonymous_22)","decl":{"start":{"line":116,"column":25},"end":{"line":116,"column":26}},"loc":{"start":{"line":116,"column":85},"end":{"line":146,"column":1}},"line":116},"23":{"name":"(anonymous_23)","decl":{"start":{"line":148,"column":27},"end":{"line":148,"column":28}},"loc":{"start":{"line":148,"column":63},"end":{"line":178,"column":1}},"line":148},"24":{"name":"(anonymous_24)","decl":{"start":{"line":150,"column":44},"end":{"line":150,"column":45}},"loc":{"start":{"line":150,"column":55},"end":{"line":150,"column":88}},"line":150},"25":{"name":"(anonymous_25)","decl":{"start":{"line":151,"column":44},"end":{"line":151,"column":45}},"loc":{"start":{"line":151,"column":55},"end":{"line":151,"column":89}},"line":151}},"branchMap":{"0":{"loc":{"start":{"line":34,"column":19},"end":{"line":34,"column":28}},"type":"default-arg","locations":[{"start":{"line":34,"column":26},"end":{"line":34,"column":28}}],"line":34},"1":{"loc":{"start":{"line":40,"column":18},"end":{"line":40,"column":75}},"type":"cond-expr","locations":[{"start":{"line":40,"column":53},"end":{"line":40,"column":70}},{"start":{"line":40,"column":73},"end":{"line":40,"column":75}}],"line":40},"2":{"loc":{"start":{"line":41,"column":16},"end":{"line":41,"column":96}},"type":"cond-expr","locations":[{"start":{"line":41,"column":75},"end":{"line":41,"column":91}},{"start":{"line":41,"column":94},"end":{"line":41,"column":96}}],"line":41},"3":{"loc":{"start":{"line":60,"column":18},"end":{"line":60,"column":27}},"type":"default-arg","locations":[{"start":{"line":60,"column":25},"end":{"line":60,"column":27}}],"line":60},"4":{"loc":{"start":{"line":63,"column":20},"end":{"line":63,"column":60}},"type":"binary-expr","locations":[{"start":{"line":63,"column":20},"end":{"line":63,"column":35}},{"start":{"line":63,"column":39},"end":{"line":63,"column":60}}],"line":63},"5":{"loc":{"start":{"line":67,"column":44},"end":{"line":67,"column":104}},"type":"binary-expr","locations":[{"start":{"line":67,"column":44},"end":{"line":67,"column":74}},{"start":{"line":67,"column":78},"end":{"line":67,"column":104}}],"line":67},"6":{"loc":{"start":{"line":73,"column":8},"end":{"line":73,"column":46}},"type":"if","locations":[{"start":{"line":73,"column":8},"end":{"line":73,"column":46}},{"start":{},"end":{}}],"line":73},"7":{"loc":{"start":{"line":76,"column":19},"end":{"line":76,"column":93}},"type":"binary-expr","locations":[{"start":{"line":76,"column":19},"end":{"line":76,"column":33}},{"start":{"line":76,"column":37},"end":{"line":76,"column":56}},{"start":{"line":76,"column":60},"end":{"line":76,"column":93}}],"line":76},"8":{"loc":{"start":{"line":79,"column":8},"end":{"line":79,"column":52}},"type":"if","locations":[{"start":{"line":79,"column":8},"end":{"line":79,"column":52}},{"start":{},"end":{}}],"line":79},"9":{"loc":{"start":{"line":88,"column":24},"end":{"line":88,"column":33}},"type":"default-arg","locations":[{"start":{"line":88,"column":31},"end":{"line":88,"column":33}}],"line":88},"10":{"loc":{"start":{"line":94,"column":8},"end":{"line":96,"column":9}},"type":"if","locations":[{"start":{"line":94,"column":8},"end":{"line":96,"column":9}},{"start":{},"end":{}}],"line":94},"11":{"loc":{"start":{"line":94,"column":12},"end":{"line":94,"column":92}},"type":"binary-expr","locations":[{"start":{"line":94,"column":12},"end":{"line":94,"column":30}},{"start":{"line":94,"column":34},"end":{"line":94,"column":59}},{"start":{"line":94,"column":63},"end":{"line":94,"column":92}}],"line":94},"12":{"loc":{"start":{"line":102,"column":25},"end":{"line":102,"column":44}},"type":"default-arg","locations":[{"start":{"line":102,"column":42},"end":{"line":102,"column":44}}],"line":102},"13":{"loc":{"start":{"line":112,"column":4},"end":{"line":112,"column":41}},"type":"if","locations":[{"start":{"line":112,"column":4},"end":{"line":112,"column":41}},{"start":{},"end":{}}],"line":112},"14":{"loc":{"start":{"line":113,"column":12},"end":{"line":113,"column":39}},"type":"binary-expr","locations":[{"start":{"line":113,"column":12},"end":{"line":113,"column":33}},{"start":{"line":113,"column":37},"end":{"line":113,"column":39}}],"line":113},"15":{"loc":{"start":{"line":121,"column":4},"end":{"line":123,"column":5}},"type":"if","locations":[{"start":{"line":121,"column":4},"end":{"line":123,"column":5}},{"start":{},"end":{}}],"line":121},"16":{"loc":{"start":{"line":125,"column":4},"end":{"line":127,"column":5}},"type":"if","locations":[{"start":{"line":125,"column":4},"end":{"line":127,"column":5}},{"start":{},"end":{}}],"line":125},"17":{"loc":{"start":{"line":129,"column":4},"end":{"line":131,"column":5}},"type":"if","locations":[{"start":{"line":129,"column":4},"end":{"line":131,"column":5}},{"start":{},"end":{}}],"line":129},"18":{"loc":{"start":{"line":129,"column":8},"end":{"line":129,"column":71}},"type":"binary-expr","locations":[{"start":{"line":129,"column":8},"end":{"line":129,"column":35}},{"start":{"line":129,"column":39},"end":{"line":129,"column":71}}],"line":129},"19":{"loc":{"start":{"line":133,"column":4},"end":{"line":135,"column":5}},"type":"if","locations":[{"start":{"line":133,"column":4},"end":{"line":135,"column":5}},{"start":{},"end":{}}],"line":133},"20":{"loc":{"start":{"line":133,"column":8},"end":{"line":133,"column":96}},"type":"binary-expr","locations":[{"start":{"line":133,"column":9},"end":{"line":133,"column":32}},{"start":{"line":133,"column":36},"end":{"line":133,"column":63}},{"start":{"line":133,"column":68},"end":{"line":133,"column":96}}],"line":133},"21":{"loc":{"start":{"line":137,"column":4},"end":{"line":143,"column":5}},"type":"if","locations":[{"start":{"line":137,"column":4},"end":{"line":143,"column":5}},{"start":{"line":139,"column":11},"end":{"line":143,"column":5}}],"line":137},"22":{"loc":{"start":{"line":139,"column":11},"end":{"line":143,"column":5}},"type":"if","locations":[{"start":{"line":139,"column":11},"end":{"line":143,"column":5}},{"start":{"line":141,"column":11},"end":{"line":143,"column":5}}],"line":139},"23":{"loc":{"start":{"line":153,"column":28},"end":{"line":153,"column":90}},"type":"cond-expr","locations":[{"start":{"line":153,"column":46},"end":{"line":153,"column":86}},{"start":{"line":153,"column":89},"end":{"line":153,"column":90}}],"line":153},"24":{"loc":{"start":{"line":155,"column":28},"end":{"line":155,"column":57}},"type":"cond-expr","locations":[{"start":{"line":155,"column":52},"end":{"line":155,"column":53}},{"start":{"line":155,"column":56},"end":{"line":155,"column":57}}],"line":155},"25":{"loc":{"start":{"line":158,"column":20},"end":{"line":164,"column":29}},"type":"cond-expr","locations":[{"start":{"line":159,"column":10},"end":{"line":159,"column":24}},{"start":{"line":160,"column":10},"end":{"line":164,"column":29}}],"line":158},"26":{"loc":{"start":{"line":160,"column":10},"end":{"line":164,"column":29}},"type":"cond-expr","locations":[{"start":{"line":161,"column":14},"end":{"line":161,"column":26}},{"start":{"line":162,"column":14},"end":{"line":164,"column":29}}],"line":160},"27":{"loc":{"start":{"line":162,"column":14},"end":{"line":164,"column":29}},"type":"cond-expr","locations":[{"start":{"line":163,"column":18},"end":{"line":163,"column":35}},{"start":{"line":164,"column":18},"end":{"line":164,"column":29}}],"line":162},"28":{"loc":{"start":{"line":175,"column":30},"end":{"line":175,"column":55}},"type":"cond-expr","locations":[{"start":{"line":175,"column":48},"end":{"line":175,"column":51}},{"start":{"line":175,"column":54},"end":{"line":175,"column":55}}],"line":175}},"s":{"0":0,"1":0,"2":0,"3":0,"4":0,"5":0,"6":0,"7":0,"8":0,"9":0,"10":0,"11":0,"12":0,"13":0,"14":0,"15":0,"16":0,"17":0,"18":0,"19":0,"20":0,"21":0,"22":0,"23":0,"24":0,"25":0,"26":0,"27":0,"28":0,"29":0,"30":0,"31":0,"32":0,"33":0,"34":0,"35":0,"36":0,"37":0,"38":0,"39":0,"40":0,"41":0,"42":0,"43":0,"44":0,"45":0,"46":0,"47":0,"48":0,"49":0,"50":0,"51":0,"52":0,"53":0,"54":0,"55":0,"56":0,"57":0,"58":0,"59":0,"60":0,"61":0,"62":0,"63":0,"64":0,"65":0,"66":0,"67":0,"68":0,"69":0,"70":0,"71":0,"72":0,"73":0,"74":0,"75":0,"76":0,"77":0,"78":0,"79":0,"80":0,"81":0,"82":0,"83":0,"84":0,"85":0,"86":0,"87":0,"88":0,"89":0,"90":0,"91":0,"92":0,"93":0,"94":0,"95":0,"96":0},"f":{"0":0,"1":0,"2":0,"3":0,"4":0,"5":0,"6":0,"7":0,"8":0,"9":0,"10":0,"11":0,"12":0,"13":0,"14":0,"15":0,"16":0,"17":0,"18":0,"19":0,"20":0,"21":0,"22":0,"23":0,"24":0,"25":0},"b":{"0":[0],"1":[0,0],"2":[0,0],"3":[0],"4":[0,0],"5":[0,0],"6":[0,0],"7":[0,0,0],"8":[0,0],"9":[0],"10":[0,0],"11":[0,0,0],"12":[0],"13":[0,0],"14":[0,0],"15":[0,0],"16":[0,0],"17":[0,0],"18":[0,0],"19":[0,0],"20":[0,0,0],"21":[0,0],"22":[0,0],"23":[0,0],"24":[0,0],"25":[0,0],"26":[0,0],"27":[0,0],"28":[0,0]}}
,"D:\\lumina\\lumina-backend-master\\lumina-backend-master\\src\\services\\reminderScheduler.js": {"path":"D:\\lumina\\lumina-backend-master\\lumina-backend-master\\src\\services\\reminderScheduler.js","statementMap":{"0":{"start":{"line":1,"column":15},"end":{"line":1,"column":35}},"1":{"start":{"line":2,"column":15},"end":{"line":2,"column":42}},"2":{"start":{"line":3,"column":30},"end":{"line":3,"column":50}},"3":{"start":{"line":4,"column":61},"end":{"line":4,"column":86}},"4":{"start":{"line":6,"column":16},"end":{"line":6,"column":20}},"5":{"start":{"line":7,"column":16},"end":{"line":7,"column":21}},"6":{"start":{"line":8,"column":32},"end":{"line":8,"column":37}},"7":{"start":{"line":9,"column":27},"end":{"line":9,"column":46}},"8":{"start":{"line":11,"column":28},"end":{"line":65,"column":1}},"9":{"start":{"line":12,"column":4},"end":{"line":12,"column":26}},"10":{"start":{"line":12,"column":19},"end":{"line":12,"column":26}},"11":{"start":{"line":14,"column":24},"end":{"line":14,"column":46}},"12":{"start":{"line":15,"column":4},"end":{"line":24,"column":5}},"13":{"start":{"line":16,"column":8},"end":{"line":22,"column":9}},"14":{"start":{"line":17,"column":12},"end":{"line":20,"column":15}},"15":{"start":{"line":21,"column":12},"end":{"line":21,"column":45}},"16":{"start":{"line":23,"column":8},"end":{"line":23,"column":15}},"17":{"start":{"line":26,"column":4},"end":{"line":26,"column":38}},"18":{"start":{"line":27,"column":4},"end":{"line":27,"column":21}},"19":{"start":{"line":29,"column":4},"end":{"line":64,"column":5}},"20":{"start":{"line":30,"column":34},"end":{"line":30,"column":75}},"21":{"start":{"line":31,"column":26},"end":{"line":40,"column":10}},"22":{"start":{"line":42,"column":8},"end":{"line":59,"column":9}},"23":{"start":{"line":43,"column":12},"end":{"line":58,"column":13}},"24":{"start":{"line":44,"column":16},"end":{"line":44,"column":59}},"25":{"start":{"line":45,"column":16},"end":{"line":45,"column":41}},"26":{"start":{"line":46,"column":16},"end":{"line":46,"column":45}},"27":{"start":{"line":47,"column":16},"end":{"line":47,"column":42}},"28":{"start":{"line":48,"column":16},"end":{"line":48,"column":38}},"29":{"start":{"line":49,"column":16},"end":{"line":49,"column":90}},"30":{"start":{"line":51,"column":16},"end":{"line":51,"column":43}},"31":{"start":{"line":52,"column":16},"end":{"line":52,"column":51}},"32":{"start":{"line":53,"column":16},"end":{"line":53,"column":38}},"33":{"start":{"line":54,"column":16},"end":{"line":57,"column":19}},"34":{"start":{"line":61,"column":8},"end":{"line":61,"column":86}},"35":{"start":{"line":63,"column":8},"end":{"line":63,"column":26}},"36":{"start":{"line":67,"column":31},"end":{"line":73,"column":1}},"37":{"start":{"line":68,"column":4},"end":{"line":68,"column":26}},"38":{"start":{"line":68,"column":19},"end":{"line":68,"column":26}},"39":{"start":{"line":70,"column":4},"end":{"line":70,"column":26}},"40":{"start":{"line":71,"column":4},"end":{"line":71,"column":60}},"41":{"start":{"line":72,"column":4},"end":{"line":72,"column":56}},"42":{"start":{"line":75,"column":0},"end":{"line":78,"column":2}}},"fnMap":{"0":{"name":"(anonymous_0)","decl":{"start":{"line":11,"column":28},"end":{"line":11,"column":29}},"loc":{"start":{"line":11,"column":40},"end":{"line":65,"column":1}},"line":11},"1":{"name":"(anonymous_1)","decl":{"start":{"line":67,"column":31},"end":{"line":67,"column":32}},"loc":{"start":{"line":67,"column":37},"end":{"line":73,"column":1}},"line":67}},"branchMap":{"0":{"loc":{"start":{"line":12,"column":4},"end":{"line":12,"column":26}},"type":"if","locations":[{"start":{"line":12,"column":4},"end":{"line":12,"column":26}},{"start":{},"end":{}}],"line":12},"1":{"loc":{"start":{"line":15,"column":4},"end":{"line":24,"column":5}},"type":"if","locations":[{"start":{"line":15,"column":4},"end":{"line":24,"column":5}},{"start":{},"end":{}}],"line":15},"2":{"loc":{"start":{"line":16,"column":8},"end":{"line":22,"column":9}},"type":"if","locations":[{"start":{"line":16,"column":8},"end":{"line":22,"column":9}},{"start":{},"end":{}}],"line":16},"3":{"loc":{"start":{"line":68,"column":4},"end":{"line":68,"column":26}},"type":"if","locations":[{"start":{"line":68,"column":4},"end":{"line":68,"column":26}},{"start":{},"end":{}}],"line":68}},"s":{"0":0,"1":0,"2":0,"3":0,"4":0,"5":0,"6":0,"7":0,"8":0,"9":0,"10":0,"11":0,"12":0,"13":0,"14":0,"15":0,"16":0,"17":0,"18":0,"19":0,"20":0,"21":0,"22":0,"23":0,"24":0,"25":0,"26":0,"27":0,"28":0,"29":0,"30":0,"31":0,"32":0,"33":0,"34":0,"35":0,"36":0,"37":0,"38":0,"39":0,"40":0,"41":0,"42":0},"f":{"0":0,"1":0},"b":{"0":[0,0],"1":[0,0],"2":[0,0],"3":[0,0]}}
,"D:\\lumina\\lumina-backend-master\\lumina-backend-master\\src\\utils\\aiTemplates.js": {"path":"D:\\lumina\\lumina-backend-master\\lumina-backend-master\\src\\utils\\aiTemplates.js","statementMap":{"0":{"start":{"line":1,"column":26},"end":{"line":1,"column":48}},"1":{"start":{"line":3,"column":31},"end":{"line":36,"column":5}},"2":{"start":{"line":3,"column":48},"end":{"line":36,"column":5}},"3":{"start":{"line":38,"column":24},"end":{"line":77,"column":1}},"4":{"start":{"line":79,"column":0},"end":{"line":79,"column":61}}},"fnMap":{"0":{"name":"(anonymous_0)","decl":{"start":{"line":3,"column":31},"end":{"line":3,"column":32}},"loc":{"start":{"line":3,"column":48},"end":{"line":36,"column":5}},"line":3}},"branchMap":{"0":{"loc":{"start":{"line":19,"column":23},"end":{"line":19,"column":57}},"type":"binary-expr","locations":[{"start":{"line":19,"column":23},"end":{"line":19,"column":28}},{"start":{"line":19,"column":32},"end":{"line":19,"column":57}}],"line":19},"1":{"loc":{"start":{"line":27,"column":17},"end":{"line":27,"column":50}},"type":"binary-expr","locations":[{"start":{"line":27,"column":17},"end":{"line":27,"column":37}},{"start":{"line":27,"column":41},"end":{"line":27,"column":50}}],"line":27},"2":{"loc":{"start":{"line":28,"column":16},"end":{"line":28,"column":49}},"type":"binary-expr","locations":[{"start":{"line":28,"column":16},"end":{"line":28,"column":35}},{"start":{"line":28,"column":39},"end":{"line":28,"column":49}}],"line":28},"3":{"loc":{"start":{"line":29,"column":20},"end":{"line":29,"column":57}},"type":"binary-expr","locations":[{"start":{"line":29,"column":20},"end":{"line":29,"column":43}},{"start":{"line":29,"column":47},"end":{"line":29,"column":57}}],"line":29},"4":{"loc":{"start":{"line":30,"column":18},"end":{"line":30,"column":53}},"type":"binary-expr","locations":[{"start":{"line":30,"column":18},"end":{"line":30,"column":39}},{"start":{"line":30,"column":43},"end":{"line":30,"column":53}}],"line":30},"5":{"loc":{"start":{"line":31,"column":19},"end":{"line":31,"column":55}},"type":"binary-expr","locations":[{"start":{"line":31,"column":19},"end":{"line":31,"column":41}},{"start":{"line":31,"column":45},"end":{"line":31,"column":55}}],"line":31}},"s":{"0":0,"1":0,"2":0,"3":0,"4":0},"f":{"0":0},"b":{"0":[0,0],"1":[0,0],"2":[0,0],"3":[0,0],"4":[0,0],"5":[0,0]}}
,"D:\\lumina\\lumina-backend-master\\lumina-backend-master\\src\\utils\\constants.js": {"path":"D:\\lumina\\lumina-backend-master\\lumina-backend-master\\src\\utils\\constants.js","statementMap":{"0":{"start":{"line":1,"column":20},"end":{"line":10,"column":1}},"1":{"start":{"line":12,"column":22},"end":{"line":17,"column":1}},"2":{"start":{"line":19,"column":18},"end":{"line":24,"column":1}},"3":{"start":{"line":26,"column":18},"end":{"line":28,"column":1}},"4":{"start":{"line":30,"column":23},"end":{"line":39,"column":1}},"5":{"start":{"line":41,"column":21},"end":{"line":86,"column":1}},"6":{"start":{"line":88,"column":0},"end":{"line":95,"column":2}}},"fnMap":{},"branchMap":{"0":{"loc":{"start":{"line":27,"column":16},"end":{"line":27,"column":62}},"type":"binary-expr","locations":[{"start":{"line":27,"column":16},"end":{"line":27,"column":40}},{"start":{"line":27,"column":44},"end":{"line":27,"column":62}}],"line":27}},"s":{"0":0,"1":0,"2":0,"3":0,"4":0,"5":0,"6":0},"f":{},"b":{"0":[0,0]}}
,"D:\\lumina\\lumina-backend-master\\lumina-backend-master\\src\\utils\\promptBuilder.js": {"path":"D:\\lumina\\lumina-backend-master\\lumina-backend-master\\src\\utils\\promptBuilder.js","statementMap":{"0":{"start":{"line":1,"column":22},"end":{"line":12,"column":1}},"1":{"start":{"line":2,"column":4},"end":{"line":11,"column":6}},"2":{"start":{"line":14,"column":0},"end":{"line":14,"column":35}}},"fnMap":{"0":{"name":"(anonymous_0)","decl":{"start":{"line":1,"column":22},"end":{"line":1,"column":23}},"loc":{"start":{"line":1,"column":37},"end":{"line":12,"column":1}},"line":1}},"branchMap":{},"s":{"0":0,"1":0,"2":0},"f":{"0":0},"b":{}}
}
